{"/home/travis/build/npmtest/node-npmtest-bedwetter/test.js":{"path":"/home/travis/build/npmtest/node-npmtest-bedwetter/test.js","s":{"1":2,"2":2,"3":2,"4":2,"5":2,"6":2,"7":2,"8":1,"9":2,"10":2,"11":1,"12":1,"13":1,"14":1,"15":2,"16":2,"17":2,"18":2,"19":1,"20":1,"21":2,"22":2,"23":2,"24":1,"25":1,"26":1,"27":1,"28":1,"29":1,"30":1,"31":1,"32":1,"33":1,"34":1,"35":1,"36":1,"37":1,"38":1,"39":2,"40":2,"41":1,"42":2,"43":2,"44":1,"45":2,"46":2,"47":1,"48":2,"49":2,"50":1,"51":1,"52":1,"53":1,"54":1},"b":{"1":[2,1,1,1],"2":[1,1,1,1],"3":[1,1],"4":[1,1],"5":[1,1],"6":[1,1],"7":[1,1],"8":[1,1],"9":[1,1],"10":[1,1,1],"11":[1,1],"12":[1,1],"13":[1,1],"14":[1,1],"15":[1,1],"16":[1,1],"17":[1,1]},"f":{"1":2,"2":2,"3":2,"4":2,"5":2,"6":1,"7":1,"8":1,"9":2,"10":2,"11":2,"12":2,"13":1},"fnMap":{"1":{"name":"(anonymous_1)","line":12,"loc":{"start":{"line":12,"column":1},"end":{"line":12,"column":13}}},"2":{"name":"(anonymous_2)","line":19,"loc":{"start":{"line":19,"column":5},"end":{"line":19,"column":17}}},"3":{"name":"(anonymous_3)","line":23,"loc":{"start":{"line":23,"column":24},"end":{"line":23,"column":36}}},"4":{"name":"(anonymous_4)","line":61,"loc":{"start":{"line":61,"column":5},"end":{"line":61,"column":17}}},"5":{"name":"(anonymous_5)","line":82,"loc":{"start":{"line":82,"column":5},"end":{"line":82,"column":17}}},"6":{"name":"(anonymous_6)","line":91,"loc":{"start":{"line":91,"column":77},"end":{"line":94,"column":10}}},"7":{"name":"(anonymous_7)","line":112,"loc":{"start":{"line":112,"column":83},"end":{"line":115,"column":10}},"skip":true},"8":{"name":"(anonymous_8)","line":123,"loc":{"start":{"line":123,"column":77},"end":{"line":126,"column":10}},"skip":true},"9":{"name":"(anonymous_9)","line":139,"loc":{"start":{"line":139,"column":12},"end":{"line":139,"column":40}},"skip":true},"10":{"name":"(anonymous_10)","line":147,"loc":{"start":{"line":147,"column":77},"end":{"line":150,"column":10}},"skip":true},"11":{"name":"(anonymous_11)","line":158,"loc":{"start":{"line":158,"column":83},"end":{"line":161,"column":10}},"skip":true},"12":{"name":"(anonymous_12)","line":169,"loc":{"start":{"line":169,"column":79},"end":{"line":172,"column":10}},"skip":true},"13":{"name":"(anonymous_13)","line":180,"loc":{"start":{"line":180,"column":75},"end":{"line":183,"column":10}},"skip":true}},"statementMap":{"1":{"start":{"line":12,"column":0},"end":{"line":195,"column":5}},"2":{"start":{"line":14,"column":4},"end":{"line":14,"column":14}},"3":{"start":{"line":19,"column":4},"end":{"line":56,"column":9}},"4":{"start":{"line":21,"column":8},"end":{"line":21,"column":19}},"5":{"start":{"line":23,"column":8},"end":{"line":35,"column":13}},"6":{"start":{"line":24,"column":12},"end":{"line":34,"column":13}},"7":{"start":{"line":25,"column":16},"end":{"line":28,"column":30}},"8":{"start":{"line":30,"column":16},"end":{"line":33,"column":27}},"9":{"start":{"line":37,"column":8},"end":{"line":39,"column":21}},"10":{"start":{"line":40,"column":8},"end":{"line":53,"column":9}},"11":{"start":{"line":43,"column":12},"end":{"line":46,"column":14}},"12":{"start":{"line":47,"column":12},"end":{"line":47,"column":18}},"13":{"start":{"line":50,"column":12},"end":{"line":51,"column":33}},"14":{"start":{"line":52,"column":12},"end":{"line":52,"column":18}},"15":{"start":{"line":55,"column":8},"end":{"line":55,"column":35}},"16":{"start":{"line":61,"column":4},"end":{"line":63,"column":9}},"17":{"start":{"line":62,"column":8},"end":{"line":62,"column":15}},"18":{"start":{"line":64,"column":4},"end":{"line":77,"column":5}},"19":{"start":{"line":70,"column":8},"end":{"line":70,"column":14}},"20":{"start":{"line":76,"column":8},"end":{"line":76,"column":14}},"21":{"start":{"line":82,"column":4},"end":{"line":84,"column":9}},"22":{"start":{"line":83,"column":8},"end":{"line":83,"column":15}},"23":{"start":{"line":85,"column":4},"end":{"line":194,"column":5}},"24":{"start":{"line":91,"column":8},"end":{"line":99,"column":10}},"25":{"start":{"line":98,"column":12},"end":{"line":98,"column":35}},"26":{"start":{"line":102,"column":8},"end":{"line":104,"column":63}},"27":{"start":{"line":105,"column":8},"end":{"line":105,"column":14}},"28":{"start":{"line":112,"column":8},"end":{"line":121,"column":10},"skip":true},"29":{"start":{"line":119,"column":12},"end":{"line":119,"column":55},"skip":true},"30":{"start":{"line":120,"column":12},"end":{"line":120,"column":48},"skip":true},"31":{"start":{"line":123,"column":8},"end":{"line":136,"column":10},"skip":true},"32":{"start":{"line":130,"column":12},"end":{"line":130,"column":76},"skip":true},"33":{"start":{"line":131,"column":12},"end":{"line":131,"column":73},"skip":true},"34":{"start":{"line":132,"column":12},"end":{"line":132,"column":74},"skip":true},"35":{"start":{"line":133,"column":12},"end":{"line":133,"column":79},"skip":true},"36":{"start":{"line":134,"column":12},"end":{"line":134,"column":25},"skip":true},"37":{"start":{"line":135,"column":12},"end":{"line":135,"column":45},"skip":true},"38":{"start":{"line":138,"column":8},"end":{"line":145,"column":14},"skip":true},"39":{"start":{"line":143,"column":16},"end":{"line":143,"column":29},"skip":true},"40":{"start":{"line":144,"column":16},"end":{"line":144,"column":55},"skip":true},"41":{"start":{"line":147,"column":8},"end":{"line":156,"column":10},"skip":true},"42":{"start":{"line":154,"column":12},"end":{"line":154,"column":25},"skip":true},"43":{"start":{"line":155,"column":12},"end":{"line":155,"column":45},"skip":true},"44":{"start":{"line":158,"column":8},"end":{"line":167,"column":10},"skip":true},"45":{"start":{"line":165,"column":12},"end":{"line":165,"column":25},"skip":true},"46":{"start":{"line":166,"column":12},"end":{"line":166,"column":48},"skip":true},"47":{"start":{"line":169,"column":8},"end":{"line":178,"column":10},"skip":true},"48":{"start":{"line":176,"column":12},"end":{"line":176,"column":25},"skip":true},"49":{"start":{"line":177,"column":12},"end":{"line":177,"column":46},"skip":true},"50":{"start":{"line":180,"column":8},"end":{"line":189,"column":10},"skip":true},"51":{"start":{"line":187,"column":12},"end":{"line":187,"column":94},"skip":true},"52":{"start":{"line":188,"column":12},"end":{"line":188,"column":48},"skip":true},"53":{"start":{"line":192,"column":8},"end":{"line":192,"column":35},"skip":true},"54":{"start":{"line":193,"column":8},"end":{"line":193,"column":14},"skip":true}},"branchMap":{"1":{"line":25,"type":"binary-expr","locations":[{"start":{"line":25,"column":23},"end":{"line":25,"column":62}},{"start":{"line":26,"column":20},"end":{"line":26,"column":70}},{"start":{"line":27,"column":20},"end":{"line":27,"column":71}},{"start":{"line":28,"column":20},"end":{"line":28,"column":29}}]},"2":{"line":30,"type":"binary-expr","locations":[{"start":{"line":30,"column":23},"end":{"line":30,"column":37}},{"start":{"line":31,"column":20},"end":{"line":31,"column":61}},{"start":{"line":32,"column":20},"end":{"line":32,"column":70}},{"start":{"line":33,"column":20},"end":{"line":33,"column":26}}]},"3":{"line":37,"type":"cond-expr","locations":[{"start":{"line":38,"column":14},"end":{"line":38,"column":20}},{"start":{"line":39,"column":14},"end":{"line":39,"column":20}}]},"4":{"line":40,"type":"switch","locations":[{"start":{"line":42,"column":8},"end":{"line":47,"column":18}},{"start":{"line":49,"column":8},"end":{"line":52,"column":18}}]},"5":{"line":44,"type":"binary-expr","locations":[{"start":{"line":44,"column":16},"end":{"line":44,"column":44}},{"start":{"line":44,"column":48},"end":{"line":44,"column":66}}]},"6":{"line":50,"type":"binary-expr","locations":[{"start":{"line":50,"column":21},"end":{"line":50,"column":49}},{"start":{"line":50,"column":53},"end":{"line":50,"column":72}}]},"7":{"line":64,"type":"switch","locations":[{"start":{"line":69,"column":4},"end":{"line":70,"column":14}},{"start":{"line":75,"column":4},"end":{"line":76,"column":14}}]},"8":{"line":85,"type":"switch","locations":[{"start":{"line":90,"column":4},"end":{"line":105,"column":14}},{"start":{"line":111,"column":4},"end":{"line":193,"column":14},"skip":true}]},"9":{"line":91,"type":"binary-expr","locations":[{"start":{"line":91,"column":42},"end":{"line":91,"column":73}},{"start":{"line":91,"column":77},"end":{"line":99,"column":9}}]},"10":{"line":102,"type":"binary-expr","locations":[{"start":{"line":102,"column":18},"end":{"line":102,"column":32}},{"start":{"line":103,"column":12},"end":{"line":103,"column":53}},{"start":{"line":104,"column":12},"end":{"line":104,"column":61}}]},"11":{"line":112,"type":"binary-expr","locations":[{"start":{"line":112,"column":45},"end":{"line":112,"column":79},"skip":true},{"start":{"line":112,"column":83},"end":{"line":121,"column":9},"skip":true}]},"12":{"line":123,"type":"binary-expr","locations":[{"start":{"line":123,"column":42},"end":{"line":123,"column":73},"skip":true},{"start":{"line":123,"column":77},"end":{"line":136,"column":9},"skip":true}]},"13":{"line":138,"type":"binary-expr","locations":[{"start":{"line":138,"column":48},"end":{"line":138,"column":85},"skip":true},{"start":{"line":139,"column":12},"end":{"line":145,"column":13},"skip":true}]},"14":{"line":147,"type":"binary-expr","locations":[{"start":{"line":147,"column":42},"end":{"line":147,"column":73},"skip":true},{"start":{"line":147,"column":77},"end":{"line":156,"column":9},"skip":true}]},"15":{"line":158,"type":"binary-expr","locations":[{"start":{"line":158,"column":45},"end":{"line":158,"column":79},"skip":true},{"start":{"line":158,"column":83},"end":{"line":167,"column":9},"skip":true}]},"16":{"line":169,"type":"binary-expr","locations":[{"start":{"line":169,"column":43},"end":{"line":169,"column":75},"skip":true},{"start":{"line":169,"column":79},"end":{"line":178,"column":9},"skip":true}]},"17":{"line":180,"type":"binary-expr","locations":[{"start":{"line":180,"column":41},"end":{"line":180,"column":71},"skip":true},{"start":{"line":180,"column":75},"end":{"line":189,"column":9},"skip":true}]}},"code":["/* istanbul instrument in package npmtest_bedwetter */","/*jslint","    bitwise: true,","    browser: true,","    maxerr: 8,","    maxlen: 96,","    node: true,","    nomen: true,","    regexp: true,","    stupid: true","*/","(function () {","    'use strict';","    var local;","","","","    // run shared js-env code - pre-init","    (function () {","        // init local","        local = {};","        // init modeJs","        local.modeJs = (function () {","            try {","                return typeof navigator.userAgent === 'string' &&","                    typeof document.querySelector('body') === 'object' &&","                    typeof XMLHttpRequest.prototype.open === 'function' &&","                    'browser';","            } catch (errorCaughtBrowser) {","                return module.exports &&","                    typeof process.versions.node === 'string' &&","                    typeof require('http').createServer === 'function' &&","                    'node';","            }","        }());","        // init global","        local.global = local.modeJs === 'browser'","            ? window","            : global;","        switch (local.modeJs) {","        // re-init local from window.local","        case 'browser':","            local = local.global.utility2.objectSetDefault(","                local.global.utility2_rollup || local.global.local,","                local.global.utility2","            );","            break;","        // re-init local from example.js","        case 'node':","            local = (local.global.utility2_rollup || require('utility2'))","                .requireReadme();","            break;","        }","        // export local","        local.global.local = local;","    }());","","","","    // run shared js-env code - function","    (function () {","        return;","    }());","    switch (local.modeJs) {","","","","    // run browser js-env code - function","    case 'browser':","        break;","","","","    // run node js-env code - function","    case 'node':","        break;","    }","","","","    // run shared js-env code - post-init","    (function () {","        return;","    }());","    switch (local.modeJs) {","","","","    // run browser js-env code - post-init","    case 'browser':","        local.testCase_browser_nullCase = local.testCase_browser_nullCase || function (","            options,","            onError","        ) {","        /*","         * this function will test browsers's null-case handling-behavior-behavior","         */","            onError(null, options);","        };","","        // run tests","        local.nop(local.modeTest &&","            document.querySelector('#testRunButton1') &&","            document.querySelector('#testRunButton1').click());","        break;","","","","    // run node js-env code - post-init","    /* istanbul ignore next */","    case 'node':","        local.testCase_buildApidoc_default = local.testCase_buildApidoc_default || function (","            options,","            onError","        ) {","        /*","         * this function will test buildApidoc's default handling-behavior-behavior","         */","            options = { modulePathList: module.paths };","            local.buildApidoc(options, onError);","        };","","        local.testCase_buildApp_default = local.testCase_buildApp_default || function (","            options,","            onError","        ) {","        /*","         * this function will test buildApp's default handling-behavior-behavior","         */","            local.testCase_buildReadme_default(options, local.onErrorThrow);","            local.testCase_buildLib_default(options, local.onErrorThrow);","            local.testCase_buildTest_default(options, local.onErrorThrow);","            local.testCase_buildCustomOrg_default(options, local.onErrorThrow);","            options = [];","            local.buildApp(options, onError);","        };","","        local.testCase_buildCustomOrg_default = local.testCase_buildCustomOrg_default ||","            function (options, onError) {","            /*","             * this function will test buildCustomOrg's default handling-behavior","             */","                options = {};","                local.buildCustomOrg(options, onError);","            };","","        local.testCase_buildLib_default = local.testCase_buildLib_default || function (","            options,","            onError","        ) {","        /*","         * this function will test buildLib's default handling-behavior","         */","            options = {};","            local.buildLib(options, onError);","        };","","        local.testCase_buildReadme_default = local.testCase_buildReadme_default || function (","            options,","            onError","        ) {","        /*","         * this function will test buildReadme's default handling-behavior-behavior","         */","            options = {};","            local.buildReadme(options, onError);","        };","","        local.testCase_buildTest_default = local.testCase_buildTest_default || function (","            options,","            onError","        ) {","        /*","         * this function will test buildTest's default handling-behavior","         */","            options = {};","            local.buildTest(options, onError);","        };","","        local.testCase_webpage_default = local.testCase_webpage_default || function (","            options,","            onError","        ) {","        /*","         * this function will test webpage's default handling-behavior","         */","            options = { modeCoverageMerge: true, url: local.serverLocalHost + '?modeTest=1' };","            local.browserTest(options, onError);","        };","","        // run test-server","        local.testRunServer(local);","        break;","    }","}());",""],"l":{"12":2,"14":2,"19":2,"21":2,"23":2,"24":2,"25":2,"30":1,"37":2,"40":2,"43":1,"47":1,"50":1,"52":1,"55":2,"61":2,"62":2,"64":2,"70":1,"76":1,"82":2,"83":2,"85":2,"91":1,"98":1,"102":1,"105":1,"112":1,"119":1,"120":1,"123":1,"130":1,"131":1,"132":1,"133":1,"134":1,"135":1,"138":1,"143":2,"144":2,"147":1,"154":2,"155":2,"158":1,"165":2,"166":2,"169":1,"176":2,"177":2,"180":1,"187":1,"188":1,"192":1,"193":1}},"/home/travis/build/npmtest/node-npmtest-bedwetter/lib.npmtest_bedwetter.js":{"path":"/home/travis/build/npmtest/node-npmtest-bedwetter/lib.npmtest_bedwetter.js","s":{"1":2,"2":2,"3":2,"4":2,"5":2,"6":2,"7":2,"8":1,"9":2,"10":2,"11":2,"12":2,"13":1,"14":1,"15":1,"16":1},"b":{"1":[2,1,1,1],"2":[1,1,1,1],"3":[1,1],"4":[2,2],"5":[1,1]},"f":{"1":2,"2":2,"3":2},"fnMap":{"1":{"name":"(anonymous_1)","line":12,"loc":{"start":{"line":12,"column":1},"end":{"line":12,"column":13}}},"2":{"name":"(anonymous_2)","line":19,"loc":{"start":{"line":19,"column":5},"end":{"line":19,"column":17}}},"3":{"name":"(anonymous_3)","line":23,"loc":{"start":{"line":23,"column":24},"end":{"line":23,"column":36}}}},"statementMap":{"1":{"start":{"line":12,"column":0},"end":{"line":53,"column":5}},"2":{"start":{"line":14,"column":4},"end":{"line":14,"column":14}},"3":{"start":{"line":19,"column":4},"end":{"line":52,"column":9}},"4":{"start":{"line":21,"column":8},"end":{"line":21,"column":19}},"5":{"start":{"line":23,"column":8},"end":{"line":35,"column":13}},"6":{"start":{"line":24,"column":12},"end":{"line":34,"column":13}},"7":{"start":{"line":25,"column":16},"end":{"line":28,"column":30}},"8":{"start":{"line":30,"column":16},"end":{"line":33,"column":27}},"9":{"start":{"line":37,"column":8},"end":{"line":39,"column":21}},"10":{"start":{"line":41,"column":8},"end":{"line":41,"column":54}},"11":{"start":{"line":43,"column":8},"end":{"line":43,"column":54}},"12":{"start":{"line":45,"column":8},"end":{"line":51,"column":9}},"13":{"start":{"line":46,"column":12},"end":{"line":46,"column":60}},"14":{"start":{"line":48,"column":12},"end":{"line":48,"column":35}},"15":{"start":{"line":49,"column":12},"end":{"line":49,"column":49}},"16":{"start":{"line":50,"column":12},"end":{"line":50,"column":43}}},"branchMap":{"1":{"line":25,"type":"binary-expr","locations":[{"start":{"line":25,"column":23},"end":{"line":25,"column":62}},{"start":{"line":26,"column":20},"end":{"line":26,"column":70}},{"start":{"line":27,"column":20},"end":{"line":27,"column":71}},{"start":{"line":28,"column":20},"end":{"line":28,"column":29}}]},"2":{"line":30,"type":"binary-expr","locations":[{"start":{"line":30,"column":23},"end":{"line":30,"column":37}},{"start":{"line":31,"column":20},"end":{"line":31,"column":61}},{"start":{"line":32,"column":20},"end":{"line":32,"column":70}},{"start":{"line":33,"column":20},"end":{"line":33,"column":26}}]},"3":{"line":37,"type":"cond-expr","locations":[{"start":{"line":38,"column":14},"end":{"line":38,"column":20}},{"start":{"line":39,"column":14},"end":{"line":39,"column":20}}]},"4":{"line":41,"type":"binary-expr","locations":[{"start":{"line":41,"column":16},"end":{"line":41,"column":44}},{"start":{"line":41,"column":48},"end":{"line":41,"column":53}}]},"5":{"line":45,"type":"if","locations":[{"start":{"line":45,"column":8},"end":{"line":45,"column":8}},{"start":{"line":45,"column":8},"end":{"line":45,"column":8}}]}},"code":["/* istanbul instrument in package npmtest_bedwetter */","/*jslint","    bitwise: true,","    browser: true,","    maxerr: 8,","    maxlen: 96,","    node: true,","    nomen: true,","    regexp: true,","    stupid: true","*/","(function () {","    'use strict';","    var local;","","","","    // run shared js-env code - pre-init","    (function () {","        // init local","        local = {};","        // init modeJs","        local.modeJs = (function () {","            try {","                return typeof navigator.userAgent === 'string' &&","                    typeof document.querySelector('body') === 'object' &&","                    typeof XMLHttpRequest.prototype.open === 'function' &&","                    'browser';","            } catch (errorCaughtBrowser) {","                return module.exports &&","                    typeof process.versions.node === 'string' &&","                    typeof require('http').createServer === 'function' &&","                    'node';","            }","        }());","        // init global","        local.global = local.modeJs === 'browser'","            ? window","            : global;","        // init utility2_rollup","        local = local.global.utility2_rollup || local;","        // init lib","        local.local = local.npmtest_bedwetter = local;","        // init exports","        if (local.modeJs === 'browser') {","            local.global.utility2_npmtest_bedwetter = local;","        } else {","            module.exports = local;","            module.exports.__dirname = __dirname;","            module.exports.module = module;","        }","    }());","}());",""],"l":{"12":2,"14":2,"19":2,"21":2,"23":2,"24":2,"25":2,"30":1,"37":2,"41":2,"43":2,"45":2,"46":1,"48":1,"49":1,"50":1}},"/home/travis/build/npmtest/node-npmtest-bedwetter/example.js":{"path":"/home/travis/build/npmtest/node-npmtest-bedwetter/example.js","s":{"1":2,"2":2,"3":2,"4":2,"5":2,"6":2,"7":2,"8":1,"9":2,"10":2,"11":2,"12":2,"13":1,"14":2,"15":2,"16":2,"17":2,"18":2,"19":0,"20":2,"21":1,"22":1,"23":1,"24":1,"25":1,"26":0,"27":0,"28":1,"29":1,"30":2,"31":0,"32":0,"33":0,"34":1,"35":2,"36":2,"37":3,"38":3,"39":3,"40":3,"41":0,"42":3,"43":3,"44":3,"45":1,"46":3,"47":1,"48":1,"49":1,"50":1,"51":1,"52":1,"53":1,"54":1,"55":1,"56":1,"57":0,"58":1,"59":6,"60":6,"61":1,"62":2,"63":0,"64":2,"65":1,"66":1,"67":0,"68":0,"69":0,"70":0,"71":0,"72":0,"73":0,"74":0,"75":0,"76":0,"77":0,"78":0,"79":0,"80":0,"81":0,"82":0,"83":0},"b":{"1":[2,1,1,1],"2":[1,1,1,1],"3":[1,1],"4":[2,2],"5":[1,1],"6":[1,1],"7":[2,0],"8":[2,1,1,1,1,1],"9":[0,2,0],"10":[1,1],"11":[2,1,1],"12":[1,0],"13":[0,2],"14":[2,0,0,0,0,0,0],"15":[0,3],"16":[3,0],"17":[1,1],"18":[0,1],"19":[1,2,0,2],"20":[1,0],"21":[1,1],"22":[0,0],"23":[0,0],"24":[0,0],"25":[0,0],"26":[0,0],"27":[0,0],"28":[0,0]},"f":{"1":2,"2":2,"3":2,"4":2,"5":2,"6":2,"7":3,"8":3,"9":3,"10":1,"11":6,"12":0},"fnMap":{"1":{"name":"(anonymous_1)","line":26,"loc":{"start":{"line":26,"column":1},"end":{"line":26,"column":13}}},"2":{"name":"(anonymous_2)","line":33,"loc":{"start":{"line":33,"column":5},"end":{"line":33,"column":17}}},"3":{"name":"(anonymous_3)","line":37,"loc":{"start":{"line":37,"column":24},"end":{"line":37,"column":36}}},"4":{"name":"(anonymous_4)","line":69,"loc":{"start":{"line":69,"column":31},"end":{"line":69,"column":48}},"skip":true},"5":{"name":"(anonymous_5)","line":78,"loc":{"start":{"line":78,"column":26},"end":{"line":78,"column":45}},"skip":true},"6":{"name":"(anonymous_6)","line":123,"loc":{"start":{"line":123,"column":33},"end":{"line":123,"column":48}},"skip":true},"7":{"name":"(anonymous_7)","line":125,"loc":{"start":{"line":125,"column":27},"end":{"line":125,"column":39}},"skip":true},"8":{"name":"(anonymous_8)","line":133,"loc":{"start":{"line":133,"column":59},"end":{"line":133,"column":74}},"skip":true},"9":{"name":"(anonymous_9)","line":143,"loc":{"start":{"line":143,"column":45},"end":{"line":143,"column":62}},"skip":true},"10":{"name":"(anonymous_10)","line":144,"loc":{"start":{"line":144,"column":73},"end":{"line":144,"column":92}},"skip":true},"11":{"name":"(anonymous_11)","line":272,"loc":{"start":{"line":272,"column":51},"end":{"line":272,"column":77}},"skip":true},"12":{"name":"(anonymous_12)","line":315,"loc":{"start":{"line":315,"column":32},"end":{"line":315,"column":61}},"skip":true}},"statementMap":{"1":{"start":{"line":26,"column":0},"end":{"line":326,"column":5}},"2":{"start":{"line":28,"column":4},"end":{"line":28,"column":14}},"3":{"start":{"line":33,"column":4},"end":{"line":60,"column":9}},"4":{"start":{"line":35,"column":8},"end":{"line":35,"column":19}},"5":{"start":{"line":37,"column":8},"end":{"line":49,"column":13}},"6":{"start":{"line":38,"column":12},"end":{"line":48,"column":13}},"7":{"start":{"line":39,"column":16},"end":{"line":42,"column":30}},"8":{"start":{"line":44,"column":16},"end":{"line":47,"column":27}},"9":{"start":{"line":51,"column":8},"end":{"line":53,"column":21}},"10":{"start":{"line":55,"column":8},"end":{"line":57,"column":45}},"11":{"start":{"line":59,"column":8},"end":{"line":59,"column":35}},"12":{"start":{"line":61,"column":4},"end":{"line":325,"column":5}},"13":{"start":{"line":69,"column":8},"end":{"line":121,"column":10},"skip":true},"14":{"start":{"line":70,"column":12},"end":{"line":88,"column":13},"skip":true},"15":{"start":{"line":76,"column":16},"end":{"line":87,"column":19},"skip":true},"16":{"start":{"line":79,"column":20},"end":{"line":86,"column":21},"skip":true},"17":{"start":{"line":82,"column":24},"end":{"line":82,"column":43},"skip":true},"18":{"start":{"line":83,"column":24},"end":{"line":83,"column":30},"skip":true},"19":{"start":{"line":85,"column":24},"end":{"line":85,"column":49},"skip":true},"20":{"start":{"line":89,"column":12},"end":{"line":107,"column":13},"skip":true},"21":{"start":{"line":92,"column":16},"end":{"line":102,"column":17},"skip":true},"22":{"start":{"line":93,"column":20},"end":{"line":93,"column":86},"skip":true},"23":{"start":{"line":94,"column":20},"end":{"line":95,"column":45},"skip":true},"24":{"start":{"line":96,"column":20},"end":{"line":96,"column":42},"skip":true},"25":{"start":{"line":97,"column":20},"end":{"line":97,"column":48},"skip":true},"26":{"start":{"line":100,"column":20},"end":{"line":100,"column":85},"skip":true},"27":{"start":{"line":101,"column":20},"end":{"line":101,"column":96},"skip":true},"28":{"start":{"line":103,"column":16},"end":{"line":103,"column":22},"skip":true},"29":{"start":{"line":106,"column":16},"end":{"line":106,"column":22},"skip":true},"30":{"start":{"line":108,"column":12},"end":{"line":120,"column":13},"skip":true},"31":{"start":{"line":114,"column":16},"end":{"line":119,"column":17},"skip":true},"32":{"start":{"line":116,"column":20},"end":{"line":116,"column":78},"skip":true},"33":{"start":{"line":118,"column":20},"end":{"line":118,"column":47},"skip":true},"34":{"start":{"line":123,"column":8},"end":{"line":141,"column":11},"skip":true},"35":{"start":{"line":124,"column":12},"end":{"line":124,"column":54},"skip":true},"36":{"start":{"line":125,"column":12},"end":{"line":140,"column":14},"skip":true},"37":{"start":{"line":126,"column":16},"end":{"line":126,"column":28},"skip":true},"38":{"start":{"line":127,"column":16},"end":{"line":127,"column":69},"skip":true},"39":{"start":{"line":128,"column":16},"end":{"line":128,"column":75},"skip":true},"40":{"start":{"line":129,"column":16},"end":{"line":131,"column":17},"skip":true},"41":{"start":{"line":130,"column":20},"end":{"line":130,"column":27},"skip":true},"42":{"start":{"line":133,"column":16},"end":{"line":137,"column":36},"skip":true},"43":{"start":{"line":134,"column":20},"end":{"line":136,"column":55},"skip":true},"44":{"start":{"line":139,"column":16},"end":{"line":139,"column":57},"skip":true},"45":{"start":{"line":143,"column":8},"end":{"line":147,"column":11},"skip":true},"46":{"start":{"line":144,"column":12},"end":{"line":146,"column":15},"skip":true},"47":{"start":{"line":145,"column":16},"end":{"line":145,"column":70},"skip":true},"48":{"start":{"line":149,"column":8},"end":{"line":149,"column":31},"skip":true},"49":{"start":{"line":150,"column":8},"end":{"line":150,"column":14},"skip":true},"50":{"start":{"line":158,"column":8},"end":{"line":158,"column":31},"skip":true},"51":{"start":{"line":160,"column":8},"end":{"line":160,"column":33},"skip":true},"52":{"start":{"line":161,"column":8},"end":{"line":161,"column":37},"skip":true},"53":{"start":{"line":162,"column":8},"end":{"line":162,"column":35},"skip":true},"54":{"start":{"line":164,"column":8},"end":{"line":164,"column":50},"skip":true},"55":{"start":{"line":166,"column":8},"end":{"line":256,"column":2},"skip":true},"56":{"start":{"line":258,"column":8},"end":{"line":286,"column":9},"skip":true},"57":{"start":{"line":259,"column":12},"end":{"line":269,"column":14},"skip":true},"58":{"start":{"line":271,"column":12},"end":{"line":285,"column":19},"skip":true},"59":{"start":{"line":274,"column":20},"end":{"line":274,"column":35},"skip":true},"60":{"start":{"line":275,"column":20},"end":{"line":284,"column":21},"skip":true},"61":{"start":{"line":277,"column":24},"end":{"line":277,"column":64},"skip":true},"62":{"start":{"line":279,"column":24},"end":{"line":279,"column":40},"skip":true},"63":{"start":{"line":281,"column":24},"end":{"line":281,"column":40},"skip":true},"64":{"start":{"line":283,"column":24},"end":{"line":283,"column":39},"skip":true},"65":{"start":{"line":288,"column":8},"end":{"line":290,"column":9},"skip":true},"66":{"start":{"line":289,"column":12},"end":{"line":289,"column":18},"skip":true},"67":{"start":{"line":291,"column":8},"end":{"line":293,"column":54},"skip":true},"68":{"start":{"line":296,"column":8},"end":{"line":301,"column":37},"skip":true},"69":{"start":{"line":303,"column":8},"end":{"line":303,"column":82},"skip":true},"70":{"start":{"line":306,"column":8},"end":{"line":308,"column":9},"skip":true},"71":{"start":{"line":307,"column":12},"end":{"line":307,"column":82},"skip":true},"72":{"start":{"line":310,"column":8},"end":{"line":312,"column":9},"skip":true},"73":{"start":{"line":311,"column":12},"end":{"line":311,"column":18},"skip":true},"74":{"start":{"line":313,"column":8},"end":{"line":313,"column":54},"skip":true},"75":{"start":{"line":314,"column":8},"end":{"line":314,"column":69},"skip":true},"76":{"start":{"line":315,"column":8},"end":{"line":323,"column":36},"skip":true},"77":{"start":{"line":316,"column":12},"end":{"line":316,"column":61},"skip":true},"78":{"start":{"line":317,"column":12},"end":{"line":320,"column":13},"skip":true},"79":{"start":{"line":318,"column":16},"end":{"line":318,"column":75},"skip":true},"80":{"start":{"line":319,"column":16},"end":{"line":319,"column":23},"skip":true},"81":{"start":{"line":321,"column":12},"end":{"line":321,"column":38},"skip":true},"82":{"start":{"line":322,"column":12},"end":{"line":322,"column":27},"skip":true},"83":{"start":{"line":324,"column":8},"end":{"line":324,"column":14},"skip":true}},"branchMap":{"1":{"line":39,"type":"binary-expr","locations":[{"start":{"line":39,"column":23},"end":{"line":39,"column":62}},{"start":{"line":40,"column":20},"end":{"line":40,"column":70}},{"start":{"line":41,"column":20},"end":{"line":41,"column":71}},{"start":{"line":42,"column":20},"end":{"line":42,"column":29}}]},"2":{"line":44,"type":"binary-expr","locations":[{"start":{"line":44,"column":23},"end":{"line":44,"column":37}},{"start":{"line":45,"column":20},"end":{"line":45,"column":61}},{"start":{"line":46,"column":20},"end":{"line":46,"column":70}},{"start":{"line":47,"column":20},"end":{"line":47,"column":26}}]},"3":{"line":51,"type":"cond-expr","locations":[{"start":{"line":52,"column":14},"end":{"line":52,"column":20}},{"start":{"line":53,"column":14},"end":{"line":53,"column":20}}]},"4":{"line":55,"type":"binary-expr","locations":[{"start":{"line":55,"column":16},"end":{"line":55,"column":44}},{"start":{"line":55,"column":49},"end":{"line":57,"column":43}}]},"5":{"line":55,"type":"cond-expr","locations":[{"start":{"line":56,"column":14},"end":{"line":56,"column":53}},{"start":{"line":57,"column":14},"end":{"line":57,"column":43}}]},"6":{"line":61,"type":"switch","locations":[{"start":{"line":68,"column":4},"end":{"line":150,"column":14},"skip":true},{"start":{"line":156,"column":4},"end":{"line":324,"column":14},"skip":true}]},"7":{"line":70,"type":"if","locations":[{"start":{"line":70,"column":12},"end":{"line":70,"column":12},"skip":true},{"start":{"line":70,"column":12},"end":{"line":70,"column":12},"skip":true}]},"8":{"line":70,"type":"binary-expr","locations":[{"start":{"line":70,"column":16},"end":{"line":70,"column":22},"skip":true},{"start":{"line":70,"column":27},"end":{"line":70,"column":32},"skip":true},{"start":{"line":71,"column":20},"end":{"line":71,"column":39},"skip":true},{"start":{"line":72,"column":20},"end":{"line":72,"column":49},"skip":true},{"start":{"line":73,"column":20},"end":{"line":73,"column":58},"skip":true},{"start":{"line":74,"column":20},"end":{"line":74,"column":69},"skip":true}]},"9":{"line":79,"type":"switch","locations":[{"start":{"line":80,"column":20},"end":{"line":80,"column":33},"skip":true},{"start":{"line":81,"column":20},"end":{"line":83,"column":30},"skip":true},{"start":{"line":84,"column":20},"end":{"line":85,"column":49},"skip":true}]},"10":{"line":89,"type":"switch","locations":[{"start":{"line":90,"column":12},"end":{"line":103,"column":22},"skip":true},{"start":{"line":105,"column":12},"end":{"line":106,"column":22},"skip":true}]},"11":{"line":89,"type":"binary-expr","locations":[{"start":{"line":89,"column":20},"end":{"line":89,"column":25},"skip":true},{"start":{"line":89,"column":29},"end":{"line":89,"column":48},"skip":true},{"start":{"line":89,"column":52},"end":{"line":89,"column":74},"skip":true}]},"12":{"line":92,"type":"if","locations":[{"start":{"line":92,"column":16},"end":{"line":92,"column":16},"skip":true},{"start":{"line":92,"column":16},"end":{"line":92,"column":16},"skip":true}]},"13":{"line":108,"type":"if","locations":[{"start":{"line":108,"column":12},"end":{"line":108,"column":12},"skip":true},{"start":{"line":108,"column":12},"end":{"line":108,"column":12},"skip":true}]},"14":{"line":108,"type":"binary-expr","locations":[{"start":{"line":108,"column":16},"end":{"line":108,"column":61},"skip":true},{"start":{"line":108,"column":66},"end":{"line":108,"column":72},"skip":true},{"start":{"line":108,"column":77},"end":{"line":108,"column":82},"skip":true},{"start":{"line":109,"column":20},"end":{"line":109,"column":39},"skip":true},{"start":{"line":110,"column":20},"end":{"line":110,"column":49},"skip":true},{"start":{"line":111,"column":20},"end":{"line":111,"column":58},"skip":true},{"start":{"line":112,"column":20},"end":{"line":112,"column":68},"skip":true}]},"15":{"line":129,"type":"if","locations":[{"start":{"line":129,"column":16},"end":{"line":129,"column":16},"skip":true},{"start":{"line":129,"column":16},"end":{"line":129,"column":16},"skip":true}]},"16":{"line":134,"type":"cond-expr","locations":[{"start":{"line":135,"column":26},"end":{"line":135,"column":29},"skip":true},{"start":{"line":136,"column":26},"end":{"line":136,"column":54},"skip":true}]},"17":{"line":164,"type":"binary-expr","locations":[{"start":{"line":164,"column":27},"end":{"line":164,"column":43},"skip":true},{"start":{"line":164,"column":47},"end":{"line":164,"column":49},"skip":true}]},"18":{"line":258,"type":"if","locations":[{"start":{"line":258,"column":8},"end":{"line":258,"column":8},"skip":true},{"start":{"line":258,"column":8},"end":{"line":258,"column":8},"skip":true}]},"19":{"line":275,"type":"switch","locations":[{"start":{"line":276,"column":20},"end":{"line":277,"column":64},"skip":true},{"start":{"line":278,"column":20},"end":{"line":279,"column":40},"skip":true},{"start":{"line":280,"column":20},"end":{"line":281,"column":40},"skip":true},{"start":{"line":282,"column":20},"end":{"line":283,"column":39},"skip":true}]},"20":{"line":288,"type":"if","locations":[{"start":{"line":288,"column":8},"end":{"line":288,"column":8},"skip":true},{"start":{"line":288,"column":8},"end":{"line":288,"column":8},"skip":true}]},"21":{"line":288,"type":"binary-expr","locations":[{"start":{"line":288,"column":12},"end":{"line":288,"column":40},"skip":true},{"start":{"line":288,"column":44},"end":{"line":288,"column":67},"skip":true}]},"22":{"line":292,"type":"binary-expr","locations":[{"start":{"line":292,"column":12},"end":{"line":292,"column":50},"skip":true},{"start":{"line":293,"column":12},"end":{"line":293,"column":53},"skip":true}]},"23":{"line":297,"type":"binary-expr","locations":[{"start":{"line":297,"column":12},"end":{"line":297,"column":67},"skip":true},{"start":{"line":298,"column":12},"end":{"line":301,"column":36},"skip":true}]},"24":{"line":303,"type":"binary-expr","locations":[{"start":{"line":303,"column":43},"end":{"line":303,"column":75},"skip":true},{"start":{"line":303,"column":79},"end":{"line":303,"column":81},"skip":true}]},"25":{"line":306,"type":"if","locations":[{"start":{"line":306,"column":8},"end":{"line":306,"column":8},"skip":true},{"start":{"line":306,"column":8},"end":{"line":306,"column":8},"skip":true}]},"26":{"line":310,"type":"if","locations":[{"start":{"line":310,"column":8},"end":{"line":310,"column":8},"skip":true},{"start":{"line":310,"column":8},"end":{"line":310,"column":8},"skip":true}]},"27":{"line":313,"type":"binary-expr","locations":[{"start":{"line":313,"column":27},"end":{"line":313,"column":43},"skip":true},{"start":{"line":313,"column":47},"end":{"line":313,"column":53},"skip":true}]},"28":{"line":317,"type":"if","locations":[{"start":{"line":317,"column":12},"end":{"line":317,"column":12},"skip":true},{"start":{"line":317,"column":12},"end":{"line":317,"column":12},"skip":true}]}},"code":["/*","example.js","","quickstart example","","instruction","    1. save this script as example.js","    2. run the shell command:","        $ npm install npmtest-bedwetter && PORT=8081 node example.js","    3. play with the browser-demo on http://127.0.0.1:8081","*/","","","","/* istanbul instrument in package npmtest_bedwetter */","/*jslint","    bitwise: true,","    browser: true,","    maxerr: 8,","    maxlen: 96,","    node: true,","    nomen: true,","    regexp: true,","    stupid: true","*/","(function () {","    'use strict';","    var local;","","","","    // run shared js-env code - pre-init","    (function () {","        // init local","        local = {};","        // init modeJs","        local.modeJs = (function () {","            try {","                return typeof navigator.userAgent === 'string' &&","                    typeof document.querySelector('body') === 'object' &&","                    typeof XMLHttpRequest.prototype.open === 'function' &&","                    'browser';","            } catch (errorCaughtBrowser) {","                return module.exports &&","                    typeof process.versions.node === 'string' &&","                    typeof require('http').createServer === 'function' &&","                    'node';","            }","        }());","        // init global","        local.global = local.modeJs === 'browser'","            ? window","            : global;","        // init utility2_rollup","        local = local.global.utility2_rollup || (local.modeJs === 'browser'","            ? local.global.utility2_npmtest_bedwetter","            : global.utility2_moduleExports);","        // export local","        local.global.local = local;","    }());","    switch (local.modeJs) {","","","","    // post-init","    // run browser js-env code - post-init","    /* istanbul ignore next */","    case 'browser':","        local.testRunBrowser = function (event) {","            if (!event || (event &&","                    event.currentTarget &&","                    event.currentTarget.className &&","                    event.currentTarget.className.includes &&","                    event.currentTarget.className.includes('onreset'))) {","                // reset output","                Array.from(","                    document.querySelectorAll('body > .resettable')","                ).forEach(function (element) {","                    switch (element.tagName) {","                    case 'INPUT':","                    case 'TEXTAREA':","                        element.value = '';","                        break;","                    default:","                        element.textContent = '';","                    }","                });","            }","            switch (event && event.currentTarget && event.currentTarget.id) {","            case 'testRunButton1':","                // show tests","                if (document.querySelector('#testReportDiv1').style.display === 'none') {","                    document.querySelector('#testReportDiv1').style.display = 'block';","                    document.querySelector('#testRunButton1').textContent =","                        'hide internal test';","                    local.modeTest = true;","                    local.testRunDefault(local);","                // hide tests","                } else {","                    document.querySelector('#testReportDiv1').style.display = 'none';","                    document.querySelector('#testRunButton1').textContent = 'run internal test';","                }","                break;","            // custom-case","            default:","                break;","            }","            if (document.querySelector('#inputTextareaEval1') && (!event || (event &&","                    event.currentTarget &&","                    event.currentTarget.className &&","                    event.currentTarget.className.includes &&","                    event.currentTarget.className.includes('oneval')))) {","                // try to eval input-code","                try {","                    /*jslint evil: true*/","                    eval(document.querySelector('#inputTextareaEval1').value);","                } catch (errorCaught) {","                    console.error(errorCaught);","                }","            }","        };","        // log stderr and stdout to #outputTextareaStdout1","        ['error', 'log'].forEach(function (key) {","            console[key + '_original'] = console[key];","            console[key] = function () {","                var element;","                console[key + '_original'].apply(console, arguments);","                element = document.querySelector('#outputTextareaStdout1');","                if (!element) {","                    return;","                }","                // append text to #outputTextareaStdout1","                element.value += Array.from(arguments).map(function (arg) {","                    return typeof arg === 'string'","                        ? arg","                        : JSON.stringify(arg, null, 4);","                }).join(' ') + '\\n';","                // scroll textarea to bottom","                element.scrollTop = element.scrollHeight;","            };","        });","        // init event-handling","        ['change', 'click', 'keyup'].forEach(function (event) {","            Array.from(document.querySelectorAll('.on' + event)).forEach(function (element) {","                element.addEventListener(event, local.testRunBrowser);","            });","        });","        // run tests","        local.testRunBrowser();","        break;","","","","    // run node js-env code - post-init","    /* istanbul ignore next */","    case 'node':","        // export local","        module.exports = local;","        // require modules","        local.fs = require('fs');","        local.http = require('http');","        local.url = require('url');","        // init assets","        local.assetsDict = local.assetsDict || {};","        /* jslint-ignore-begin */","        local.assetsDict['/assets.index.template.html'] = '\\","<!doctype html>\\n\\","<html lang=\"en\">\\n\\","<head>\\n\\","<meta charset=\"UTF-8\">\\n\\","<meta name=\"viewport\" content=\"width=device-width, initial-scale=1\">\\n\\","<title>{{env.npm_package_name}} (v{{env.npm_package_version}})</title>\\n\\","<style>\\n\\","/*csslint\\n\\","    box-sizing: false,\\n\\","    universal-selector: false\\n\\","*/\\n\\","* {\\n\\","    box-sizing: border-box;\\n\\","}\\n\\","body {\\n\\","    background: #dde;\\n\\","    font-family: Arial, Helvetica, sans-serif;\\n\\","    margin: 2rem;\\n\\","}\\n\\","body > * {\\n\\","    margin-bottom: 1rem;\\n\\","}\\n\\",".utility2FooterDiv {\\n\\","    margin-top: 20px;\\n\\","    text-align: center;\\n\\","}\\n\\","</style>\\n\\","<style>\\n\\","/*csslint\\n\\","*/\\n\\","textarea {\\n\\","    font-family: monospace;\\n\\","    height: 10rem;\\n\\","    width: 100%;\\n\\","}\\n\\","textarea[readonly] {\\n\\","    background: #ddd;\\n\\","}\\n\\","</style>\\n\\","</head>\\n\\","<body>\\n\\","<!-- utility2-comment\\n\\","<div id=\"ajaxProgressDiv1\" style=\"background: #d00; height: 2px; left: 0; margin: 0; padding: 0; position: fixed; top: 0; transition: background 0.5s, width 1.5s; width: 25%;\"></div>\\n\\","utility2-comment -->\\n\\","<h1>\\n\\","<!-- utility2-comment\\n\\","    <a\\n\\","        {{#if env.npm_package_homepage}}\\n\\","        href=\"{{env.npm_package_homepage}}\"\\n\\","        {{/if env.npm_package_homepage}}\\n\\","        target=\"_blank\"\\n\\","    >\\n\\","utility2-comment -->\\n\\","        {{env.npm_package_name}} (v{{env.npm_package_version}})\\n\\","<!-- utility2-comment\\n\\","    </a>\\n\\","utility2-comment -->\\n\\","</h1>\\n\\","<h3>{{env.npm_package_description}}</h3>\\n\\","<!-- utility2-comment\\n\\","<h4><a download href=\"assets.app.js\">download standalone app</a></h4>\\n\\","<button class=\"onclick onreset\" id=\"testRunButton1\">run internal test</button><br>\\n\\","<div id=\"testReportDiv1\" style=\"display: none;\"></div>\\n\\","utility2-comment -->\\n\\","\\n\\","\\n\\","\\n\\","<label>stderr and stdout</label>\\n\\","<textarea class=\"resettable\" id=\"outputTextareaStdout1\" readonly></textarea>\\n\\","<!-- utility2-comment\\n\\","{{#if isRollup}}\\n\\","<script src=\"assets.app.js\"></script>\\n\\","{{#unless isRollup}}\\n\\","utility2-comment -->\\n\\","<script src=\"assets.utility2.rollup.js\"></script>\\n\\","<script src=\"jsonp.utility2._stateInit?callback=window.utility2._stateInit\"></script>\\n\\","<script src=\"assets.npmtest_bedwetter.rollup.js\"></script>\\n\\","<script src=\"assets.example.js\"></script>\\n\\","<script src=\"assets.test.js\"></script>\\n\\","<!-- utility2-comment\\n\\","{{/if isRollup}}\\n\\","utility2-comment -->\\n\\","<div class=\"utility2FooterDiv\">\\n\\","    [ this app was created with\\n\\","    <a href=\"https://github.com/kaizhu256/node-utility2\" target=\"_blank\">utility2</a>\\n\\","    ]\\n\\","</div>\\n\\","</body>\\n\\","</html>\\n\\","';","        /* jslint-ignore-end */","        if (local.templateRender) {","            local.assetsDict['/'] = local.templateRender(","                local.assetsDict['/assets.index.template.html'],","                {","                    env: local.objectSetDefault(local.env, {","                        npm_package_description: 'the greatest app in the world!',","                        npm_package_name: 'my-app',","                        npm_package_nameAlias: 'my_app',","                        npm_package_version: '0.0.1'","                    })","                }","            );","        } else {","            local.assetsDict['/'] = local.assetsDict['/assets.index.template.html']","                .replace((/\\{\\{env\\.(\\w+?)\\}\\}/g), function (match0, match1) {","                    // jslint-hack","                    String(match0);","                    switch (match1) {","                    case 'npm_package_description':","                        return 'the greatest app in the world!';","                    case 'npm_package_name':","                        return 'my-app';","                    case 'npm_package_nameAlias':","                        return 'my_app';","                    case 'npm_package_version':","                        return '0.0.1';","                    }","                });","        }","        // run the cli","        if (local.global.utility2_rollup || module !== require.main) {","            break;","        }","        local.assetsDict['/assets.example.js'] =","            local.assetsDict['/assets.example.js'] ||","            local.fs.readFileSync(__filename, 'utf8');","        // bug-workaround - long $npm_package_buildCustomOrg","        /* jslint-ignore-begin */","        local.assetsDict['/assets.npmtest_bedwetter.rollup.js'] =","            local.assetsDict['/assets.npmtest_bedwetter.rollup.js'] ||","            local.fs.readFileSync(","                local.npmtest_bedwetter.__dirname + '/lib.npmtest_bedwetter.js',","                'utf8'","            ).replace((/^#!/), '//');","        /* jslint-ignore-end */","        local.assetsDict['/favicon.ico'] = local.assetsDict['/favicon.ico'] || '';","        // if $npm_config_timeout_exit exists,","        // then exit this process after $npm_config_timeout_exit ms","        if (Number(process.env.npm_config_timeout_exit)) {","            setTimeout(process.exit, Number(process.env.npm_config_timeout_exit));","        }","        // start server","        if (local.global.utility2_serverHttp1) {","            break;","        }","        process.env.PORT = process.env.PORT || '8081';","        console.error('server starting on port ' + process.env.PORT);","        local.http.createServer(function (request, response) {","            request.urlParsed = local.url.parse(request.url);","            if (local.assetsDict[request.urlParsed.pathname] !== undefined) {","                response.end(local.assetsDict[request.urlParsed.pathname]);","                return;","            }","            response.statusCode = 404;","            response.end();","        }).listen(process.env.PORT);","        break;","    }","}());",""],"l":{"26":2,"28":2,"33":2,"35":2,"37":2,"38":2,"39":2,"44":1,"51":2,"55":2,"59":2,"61":2,"69":1,"70":2,"76":2,"79":2,"82":2,"83":2,"85":1,"89":2,"92":1,"93":1,"94":1,"96":1,"97":1,"100":1,"101":1,"103":1,"106":1,"108":2,"114":1,"116":1,"118":1,"123":1,"124":2,"125":2,"126":3,"127":3,"128":3,"129":3,"130":1,"133":3,"134":3,"139":3,"143":1,"144":3,"145":1,"149":1,"150":1,"158":1,"160":1,"161":1,"162":1,"164":1,"166":1,"258":1,"259":1,"271":1,"274":6,"275":6,"277":1,"279":2,"281":1,"283":2,"288":1,"289":1,"291":1,"296":1,"303":1,"306":1,"307":1,"310":1,"311":1,"313":1,"314":1,"315":1,"316":1,"317":1,"318":1,"319":1,"321":1,"322":1,"324":1}},"/home/travis/build/npmtest/node-npmtest-bedwetter/node_modules/bedwetter/index.js":{"path":"/home/travis/build/npmtest/node-npmtest-bedwetter/node_modules/bedwetter/index.js","s":{"1":1},"b":{},"f":{},"fnMap":{},"statementMap":{"1":{"start":{"line":1,"column":0},"end":{"line":1,"column":34}}},"branchMap":{},"code":["module.exports = require('./lib');"],"l":{"1":1}},"/home/travis/build/npmtest/node-npmtest-bedwetter/node_modules/bedwetter/lib/index.js":{"path":"/home/travis/build/npmtest/node-npmtest-bedwetter/node_modules/bedwetter/lib/index.js","s":{"1":1,"2":1,"3":1,"4":1,"5":1,"6":1,"7":1,"8":0,"9":0,"10":0,"11":0,"12":0,"13":0,"14":0,"15":0,"16":0,"17":0,"18":0,"19":0,"20":0,"21":0,"22":1,"23":1,"24":1,"25":0,"26":0,"27":0,"28":0,"29":0,"30":0,"31":0,"32":0,"33":0,"34":0,"35":0,"36":0,"37":0,"38":0,"39":0,"40":0,"41":0,"42":0,"43":0,"44":0,"45":0,"46":0,"47":0,"48":0,"49":0,"50":0,"51":0,"52":0,"53":0,"54":0,"55":0,"56":0,"57":0,"58":0,"59":0,"60":0,"61":0,"62":0,"63":0,"64":0,"65":0,"66":0,"67":0,"68":0,"69":0,"70":0,"71":0,"72":0,"73":0,"74":0,"75":0,"76":0,"77":1,"78":0,"79":0,"80":0,"81":0,"82":0,"83":0,"84":0,"85":0,"86":0,"87":0,"88":0,"89":1,"90":0,"91":0,"92":0,"93":0,"94":0,"95":0,"96":0,"97":0,"98":0,"99":0,"100":0,"101":1,"102":0,"103":0,"104":0,"105":0,"106":0,"107":0,"108":0,"109":0,"110":0,"111":0,"112":0,"113":1,"114":0,"115":0,"116":0,"117":1,"118":0,"119":0,"120":0,"121":1,"122":0,"123":0,"124":0,"125":0,"126":0,"127":0,"128":0,"129":0,"130":1,"131":0,"132":0,"133":0,"134":0,"135":0,"136":0,"137":0,"138":0,"139":1,"140":0,"141":0,"142":0,"143":0,"144":0,"145":0,"146":0,"147":0,"148":0},"b":{"1":[0,0],"2":[0,0,0],"3":[0,0,0,0,0,0],"4":[0,0],"5":[0,0],"6":[0,0],"7":[0,0,0],"8":[0,0],"9":[0,0,0,0],"10":[0,0],"11":[0,0,0],"12":[0,0],"13":[0,0,0,0,0],"14":[0,0],"15":[0,0],"16":[0,0],"17":[0,0,0],"18":[0,0],"19":[0,0,0,0],"20":[0,0],"21":[0,0,0,0,0],"22":[0,0],"23":[0,0,0],"24":[0,0],"25":[0,0,0,0,0],"26":[0,0],"27":[0,0],"28":[0,0],"29":[0,0],"30":[0,0,0,0],"31":[0,0],"32":[0,0,0],"33":[0,0],"34":[0,0],"35":[0,0],"36":[0,0],"37":[0,0],"38":[0,0],"39":[0,0],"40":[0,0],"41":[0,0,0,0],"42":[0,0],"43":[0,0],"44":[0,0],"45":[0,0],"46":[0,0],"47":[0,0],"48":[0,0],"49":[0,0],"50":[0,0],"51":[0,0],"52":[0,0,0],"53":[0,0],"54":[0,0,0]},"f":{"1":0,"2":0,"3":0,"4":0,"5":0,"6":0,"7":0,"8":0,"9":0,"10":0,"11":0,"12":0},"fnMap":{"1":{"name":"(anonymous_1)","line":73,"loc":{"start":{"line":73,"column":19},"end":{"line":73,"column":51}}},"2":{"name":"(anonymous_2)","line":77,"loc":{"start":{"line":77,"column":32},"end":{"line":77,"column":64}}},"3":{"name":"(anonymous_3)","line":123,"loc":{"start":{"line":123,"column":31},"end":{"line":123,"column":62}}},"4":{"name":"(anonymous_4)","line":289,"loc":{"start":{"line":289,"column":36},"end":{"line":289,"column":67}}},"5":{"name":"(anonymous_5)","line":315,"loc":{"start":{"line":315,"column":37},"end":{"line":315,"column":57}}},"6":{"name":"(anonymous_6)","line":317,"loc":{"start":{"line":317,"column":42},"end":{"line":317,"column":87}}},"7":{"name":"(anonymous_7)","line":343,"loc":{"start":{"line":343,"column":26},"end":{"line":343,"column":56}}},"8":{"name":"(anonymous_8)","line":373,"loc":{"start":{"line":373,"column":25},"end":{"line":373,"column":48}}},"9":{"name":"(anonymous_9)","line":384,"loc":{"start":{"line":384,"column":33},"end":{"line":384,"column":56}}},"10":{"name":"(anonymous_10)","line":394,"loc":{"start":{"line":394,"column":27},"end":{"line":394,"column":50}}},"11":{"name":"(anonymous_11)","line":417,"loc":{"start":{"line":417,"column":33},"end":{"line":417,"column":56}}},"12":{"name":"(anonymous_12)","line":438,"loc":{"start":{"line":438,"column":29},"end":{"line":438,"column":47}}}},"statementMap":{"1":{"start":{"line":5,"column":0},"end":{"line":5,"column":26}},"2":{"start":{"line":6,"column":0},"end":{"line":6,"column":27}},"3":{"start":{"line":7,"column":0},"end":{"line":7,"column":27}},"4":{"start":{"line":9,"column":0},"end":{"line":18,"column":1}},"5":{"start":{"line":21,"column":0},"end":{"line":21,"column":19}},"6":{"start":{"line":23,"column":0},"end":{"line":65,"column":1}},"7":{"start":{"line":73,"column":0},"end":{"line":114,"column":2}},"8":{"start":{"line":75,"column":4},"end":{"line":75,"column":34}},"9":{"start":{"line":77,"column":4},"end":{"line":111,"column":7}},"10":{"start":{"line":82,"column":8},"end":{"line":82,"column":47}},"11":{"start":{"line":84,"column":8},"end":{"line":84,"column":60}},"12":{"start":{"line":87,"column":8},"end":{"line":87,"column":39}},"13":{"start":{"line":90,"column":8},"end":{"line":90,"column":47}},"14":{"start":{"line":93,"column":8},"end":{"line":93,"column":64}},"15":{"start":{"line":97,"column":8},"end":{"line":97,"column":50}},"16":{"start":{"line":99,"column":8},"end":{"line":99,"column":93}},"17":{"start":{"line":102,"column":8},"end":{"line":102,"column":93}},"18":{"start":{"line":104,"column":8},"end":{"line":104,"column":66}},"19":{"start":{"line":107,"column":8},"end":{"line":107,"column":75}},"20":{"start":{"line":109,"column":8},"end":{"line":109,"column":47}},"21":{"start":{"line":113,"column":4},"end":{"line":113,"column":11}},"22":{"start":{"line":116,"column":0},"end":{"line":118,"column":2}},"23":{"start":{"line":121,"column":0},"end":{"line":121,"column":39}},"24":{"start":{"line":123,"column":0},"end":{"line":287,"column":1}},"25":{"start":{"line":125,"column":4},"end":{"line":125,"column":31}},"26":{"start":{"line":126,"column":4},"end":{"line":126,"column":29}},"27":{"start":{"line":128,"column":4},"end":{"line":128,"column":56}},"28":{"start":{"line":130,"column":4},"end":{"line":130,"column":50}},"29":{"start":{"line":131,"column":4},"end":{"line":131,"column":48}},"30":{"start":{"line":132,"column":4},"end":{"line":132,"column":12}},"31":{"start":{"line":135,"column":4},"end":{"line":140,"column":5}},"32":{"start":{"line":139,"column":8},"end":{"line":139,"column":25}},"33":{"start":{"line":142,"column":4},"end":{"line":142,"column":28}},"34":{"start":{"line":143,"column":4},"end":{"line":143,"column":18}},"35":{"start":{"line":144,"column":4},"end":{"line":274,"column":5}},"36":{"start":{"line":148,"column":12},"end":{"line":171,"column":13}},"37":{"start":{"line":152,"column":16},"end":{"line":152,"column":46}},"38":{"start":{"line":154,"column":19},"end":{"line":171,"column":13}},"39":{"start":{"line":159,"column":16},"end":{"line":159,"column":46}},"40":{"start":{"line":161,"column":19},"end":{"line":171,"column":13}},"41":{"start":{"line":167,"column":16},"end":{"line":167,"column":43}},"42":{"start":{"line":170,"column":16},"end":{"line":170,"column":98}},"43":{"start":{"line":173,"column":12},"end":{"line":173,"column":18}},"44":{"start":{"line":177,"column":12},"end":{"line":186,"column":13}},"45":{"start":{"line":182,"column":16},"end":{"line":182,"column":46}},"46":{"start":{"line":185,"column":16},"end":{"line":185,"column":98}},"47":{"start":{"line":188,"column":12},"end":{"line":188,"column":18}},"48":{"start":{"line":192,"column":12},"end":{"line":203,"column":13}},"49":{"start":{"line":199,"column":16},"end":{"line":199,"column":43}},"50":{"start":{"line":202,"column":16},"end":{"line":202,"column":98}},"51":{"start":{"line":205,"column":12},"end":{"line":205,"column":18}},"52":{"start":{"line":209,"column":12},"end":{"line":245,"column":13}},"53":{"start":{"line":212,"column":16},"end":{"line":212,"column":35}},"54":{"start":{"line":215,"column":16},"end":{"line":215,"column":44}},"55":{"start":{"line":217,"column":19},"end":{"line":245,"column":13}},"56":{"start":{"line":222,"column":16},"end":{"line":222,"column":47}},"57":{"start":{"line":224,"column":19},"end":{"line":245,"column":13}},"58":{"start":{"line":229,"column":16},"end":{"line":229,"column":35}},"59":{"start":{"line":232,"column":16},"end":{"line":232,"column":48}},"60":{"start":{"line":234,"column":19},"end":{"line":245,"column":13}},"61":{"start":{"line":241,"column":16},"end":{"line":241,"column":48}},"62":{"start":{"line":244,"column":16},"end":{"line":244,"column":98}},"63":{"start":{"line":247,"column":12},"end":{"line":247,"column":18}},"64":{"start":{"line":251,"column":12},"end":{"line":267,"column":13}},"65":{"start":{"line":255,"column":16},"end":{"line":255,"column":47}},"66":{"start":{"line":257,"column":19},"end":{"line":267,"column":13}},"67":{"start":{"line":263,"column":16},"end":{"line":263,"column":46}},"68":{"start":{"line":266,"column":16},"end":{"line":266,"column":98}},"69":{"start":{"line":269,"column":12},"end":{"line":269,"column":18}},"70":{"start":{"line":272,"column":12},"end":{"line":272,"column":101}},"71":{"start":{"line":273,"column":12},"end":{"line":273,"column":18}},"72":{"start":{"line":277,"column":4},"end":{"line":279,"column":5}},"73":{"start":{"line":278,"column":8},"end":{"line":278,"column":56}},"74":{"start":{"line":281,"column":4},"end":{"line":285,"column":5}},"75":{"start":{"line":282,"column":8},"end":{"line":282,"column":18}},"76":{"start":{"line":284,"column":8},"end":{"line":284,"column":25}},"77":{"start":{"line":289,"column":0},"end":{"line":312,"column":1}},"78":{"start":{"line":291,"column":4},"end":{"line":291,"column":23}},"79":{"start":{"line":293,"column":4},"end":{"line":293,"column":66}},"80":{"start":{"line":294,"column":4},"end":{"line":294,"column":50}},"81":{"start":{"line":295,"column":4},"end":{"line":295,"column":48}},"82":{"start":{"line":297,"column":4},"end":{"line":297,"column":110}},"83":{"start":{"line":299,"column":4},"end":{"line":308,"column":5}},"84":{"start":{"line":301,"column":12},"end":{"line":301,"column":67}},"85":{"start":{"line":303,"column":12},"end":{"line":303,"column":69}},"86":{"start":{"line":305,"column":12},"end":{"line":305,"column":57}},"87":{"start":{"line":307,"column":12},"end":{"line":307,"column":59}},"88":{"start":{"line":310,"column":4},"end":{"line":310,"column":41}},"89":{"start":{"line":315,"column":0},"end":{"line":341,"column":1}},"90":{"start":{"line":317,"column":4},"end":{"line":339,"column":11}},"91":{"start":{"line":319,"column":8},"end":{"line":335,"column":9}},"92":{"start":{"line":320,"column":10},"end":{"line":323,"column":12}},"93":{"start":{"line":324,"column":10},"end":{"line":326,"column":11}},"94":{"start":{"line":325,"column":12},"end":{"line":325,"column":40}},"95":{"start":{"line":327,"column":10},"end":{"line":329,"column":11}},"96":{"start":{"line":328,"column":12},"end":{"line":328,"column":50}},"97":{"start":{"line":330,"column":10},"end":{"line":332,"column":11}},"98":{"start":{"line":331,"column":12},"end":{"line":331,"column":36}},"99":{"start":{"line":334,"column":10},"end":{"line":334,"column":37}},"100":{"start":{"line":337,"column":8},"end":{"line":337,"column":30}},"101":{"start":{"line":343,"column":0},"end":{"line":371,"column":1}},"102":{"start":{"line":345,"column":4},"end":{"line":345,"column":157}},"103":{"start":{"line":346,"column":4},"end":{"line":346,"column":145}},"104":{"start":{"line":349,"column":4},"end":{"line":349,"column":70}},"105":{"start":{"line":352,"column":4},"end":{"line":355,"column":5}},"106":{"start":{"line":353,"column":8},"end":{"line":353,"column":44}},"107":{"start":{"line":354,"column":8},"end":{"line":354,"column":62}},"108":{"start":{"line":358,"column":4},"end":{"line":368,"column":5}},"109":{"start":{"line":363,"column":8},"end":{"line":363,"column":60}},"110":{"start":{"line":366,"column":8},"end":{"line":366,"column":81}},"111":{"start":{"line":367,"column":8},"end":{"line":367,"column":66}},"112":{"start":{"line":370,"column":4},"end":{"line":370,"column":16}},"113":{"start":{"line":373,"column":0},"end":{"line":382,"column":1}},"114":{"start":{"line":375,"column":4},"end":{"line":380,"column":5}},"115":{"start":{"line":377,"column":8},"end":{"line":377,"column":20}},"116":{"start":{"line":379,"column":8},"end":{"line":379,"column":21}},"117":{"start":{"line":384,"column":0},"end":{"line":392,"column":1}},"118":{"start":{"line":386,"column":4},"end":{"line":390,"column":5}},"119":{"start":{"line":387,"column":8},"end":{"line":387,"column":56}},"120":{"start":{"line":389,"column":8},"end":{"line":389,"column":20}},"121":{"start":{"line":394,"column":0},"end":{"line":415,"column":1}},"122":{"start":{"line":397,"column":4},"end":{"line":397,"column":40}},"123":{"start":{"line":400,"column":4},"end":{"line":400,"column":50}},"124":{"start":{"line":402,"column":4},"end":{"line":402,"column":34}},"125":{"start":{"line":402,"column":21},"end":{"line":402,"column":34}},"126":{"start":{"line":408,"column":4},"end":{"line":408,"column":83}},"127":{"start":{"line":410,"column":4},"end":{"line":410,"column":34}},"128":{"start":{"line":410,"column":21},"end":{"line":410,"column":34}},"129":{"start":{"line":413,"column":4},"end":{"line":413,"column":16}},"130":{"start":{"line":417,"column":0},"end":{"line":436,"column":1}},"131":{"start":{"line":419,"column":4},"end":{"line":419,"column":70}},"132":{"start":{"line":420,"column":4},"end":{"line":420,"column":95}},"133":{"start":{"line":422,"column":4},"end":{"line":424,"column":5}},"134":{"start":{"line":423,"column":8},"end":{"line":423,"column":20}},"135":{"start":{"line":427,"column":4},"end":{"line":427,"column":40}},"136":{"start":{"line":430,"column":4},"end":{"line":432,"column":5}},"137":{"start":{"line":431,"column":8},"end":{"line":431,"column":41}},"138":{"start":{"line":434,"column":4},"end":{"line":434,"column":16}},"139":{"start":{"line":438,"column":0},"end":{"line":462,"column":1}},"140":{"start":{"line":440,"column":4},"end":{"line":443,"column":6}},"141":{"start":{"line":446,"column":4},"end":{"line":448,"column":5}},"142":{"start":{"line":447,"column":8},"end":{"line":447,"column":71}},"143":{"start":{"line":450,"column":4},"end":{"line":450,"column":29}},"144":{"start":{"line":452,"column":4},"end":{"line":454,"column":5}},"145":{"start":{"line":453,"column":8},"end":{"line":453,"column":81}},"146":{"start":{"line":456,"column":4},"end":{"line":456,"column":34}},"147":{"start":{"line":458,"column":4},"end":{"line":458,"column":30}},"148":{"start":{"line":460,"column":4},"end":{"line":460,"column":19}}},"branchMap":{"1":{"line":135,"type":"if","locations":[{"start":{"line":135,"column":4},"end":{"line":135,"column":4}},{"start":{"line":135,"column":4},"end":{"line":135,"column":4}}]},"2":{"line":135,"type":"binary-expr","locations":[{"start":{"line":135,"column":8},"end":{"line":135,"column":25}},{"start":{"line":136,"column":8},"end":{"line":136,"column":26}},{"start":{"line":137,"column":8},"end":{"line":137,"column":61}}]},"3":{"line":144,"type":"switch","locations":[{"start":{"line":146,"column":8},"end":{"line":173,"column":18}},{"start":{"line":175,"column":8},"end":{"line":188,"column":18}},{"start":{"line":190,"column":8},"end":{"line":205,"column":18}},{"start":{"line":207,"column":8},"end":{"line":247,"column":18}},{"start":{"line":249,"column":8},"end":{"line":269,"column":18}},{"start":{"line":271,"column":8},"end":{"line":273,"column":18}}]},"4":{"line":148,"type":"if","locations":[{"start":{"line":148,"column":12},"end":{"line":148,"column":12}},{"start":{"line":148,"column":12},"end":{"line":148,"column":12}}]},"5":{"line":148,"type":"binary-expr","locations":[{"start":{"line":148,"column":16},"end":{"line":148,"column":33}},{"start":{"line":149,"column":16},"end":{"line":149,"column":44}}]},"6":{"line":154,"type":"if","locations":[{"start":{"line":154,"column":19},"end":{"line":154,"column":19}},{"start":{"line":154,"column":19},"end":{"line":154,"column":19}}]},"7":{"line":154,"type":"binary-expr","locations":[{"start":{"line":154,"column":23},"end":{"line":154,"column":40}},{"start":{"line":155,"column":16},"end":{"line":155,"column":44}},{"start":{"line":156,"column":16},"end":{"line":156,"column":41}}]},"8":{"line":161,"type":"if","locations":[{"start":{"line":161,"column":19},"end":{"line":161,"column":19}},{"start":{"line":161,"column":19},"end":{"line":161,"column":19}}]},"9":{"line":161,"type":"binary-expr","locations":[{"start":{"line":161,"column":23},"end":{"line":161,"column":40}},{"start":{"line":162,"column":22},"end":{"line":162,"column":50}},{"start":{"line":163,"column":22},"end":{"line":163,"column":47}},{"start":{"line":164,"column":22},"end":{"line":164,"column":50}}]},"10":{"line":177,"type":"if","locations":[{"start":{"line":177,"column":12},"end":{"line":177,"column":12}},{"start":{"line":177,"column":12},"end":{"line":177,"column":12}}]},"11":{"line":177,"type":"binary-expr","locations":[{"start":{"line":177,"column":16},"end":{"line":177,"column":33}},{"start":{"line":178,"column":16},"end":{"line":178,"column":44}},{"start":{"line":179,"column":16},"end":{"line":179,"column":41}}]},"12":{"line":192,"type":"if","locations":[{"start":{"line":192,"column":12},"end":{"line":192,"column":12}},{"start":{"line":192,"column":12},"end":{"line":192,"column":12}}]},"13":{"line":192,"type":"binary-expr","locations":[{"start":{"line":192,"column":16},"end":{"line":192,"column":33}},{"start":{"line":193,"column":22},"end":{"line":193,"column":50}},{"start":{"line":194,"column":22},"end":{"line":194,"column":47}},{"start":{"line":195,"column":22},"end":{"line":195,"column":50}},{"start":{"line":196,"column":22},"end":{"line":196,"column":47}}]},"14":{"line":209,"type":"if","locations":[{"start":{"line":209,"column":12},"end":{"line":209,"column":12}},{"start":{"line":209,"column":12},"end":{"line":209,"column":12}}]},"15":{"line":209,"type":"binary-expr","locations":[{"start":{"line":209,"column":16},"end":{"line":209,"column":33}},{"start":{"line":210,"column":16},"end":{"line":210,"column":44}}]},"16":{"line":217,"type":"if","locations":[{"start":{"line":217,"column":19},"end":{"line":217,"column":19}},{"start":{"line":217,"column":19},"end":{"line":217,"column":19}}]},"17":{"line":217,"type":"binary-expr","locations":[{"start":{"line":217,"column":23},"end":{"line":217,"column":40}},{"start":{"line":218,"column":22},"end":{"line":218,"column":50}},{"start":{"line":219,"column":22},"end":{"line":219,"column":47}}]},"18":{"line":224,"type":"if","locations":[{"start":{"line":224,"column":19},"end":{"line":224,"column":19}},{"start":{"line":224,"column":19},"end":{"line":224,"column":19}}]},"19":{"line":224,"type":"binary-expr","locations":[{"start":{"line":224,"column":23},"end":{"line":224,"column":40}},{"start":{"line":225,"column":22},"end":{"line":225,"column":50}},{"start":{"line":226,"column":22},"end":{"line":226,"column":47}},{"start":{"line":227,"column":22},"end":{"line":227,"column":50}}]},"20":{"line":234,"type":"if","locations":[{"start":{"line":234,"column":19},"end":{"line":234,"column":19}},{"start":{"line":234,"column":19},"end":{"line":234,"column":19}}]},"21":{"line":234,"type":"binary-expr","locations":[{"start":{"line":234,"column":23},"end":{"line":234,"column":40}},{"start":{"line":235,"column":22},"end":{"line":235,"column":50}},{"start":{"line":236,"column":22},"end":{"line":236,"column":47}},{"start":{"line":237,"column":22},"end":{"line":237,"column":50}},{"start":{"line":238,"column":22},"end":{"line":238,"column":47}}]},"22":{"line":251,"type":"if","locations":[{"start":{"line":251,"column":12},"end":{"line":251,"column":12}},{"start":{"line":251,"column":12},"end":{"line":251,"column":12}}]},"23":{"line":251,"type":"binary-expr","locations":[{"start":{"line":251,"column":16},"end":{"line":251,"column":33}},{"start":{"line":252,"column":16},"end":{"line":252,"column":44}},{"start":{"line":253,"column":16},"end":{"line":253,"column":41}}]},"24":{"line":257,"type":"if","locations":[{"start":{"line":257,"column":19},"end":{"line":257,"column":19}},{"start":{"line":257,"column":19},"end":{"line":257,"column":19}}]},"25":{"line":257,"type":"binary-expr","locations":[{"start":{"line":257,"column":23},"end":{"line":257,"column":40}},{"start":{"line":258,"column":22},"end":{"line":258,"column":50}},{"start":{"line":259,"column":22},"end":{"line":259,"column":47}},{"start":{"line":260,"column":22},"end":{"line":260,"column":50}},{"start":{"line":261,"column":22},"end":{"line":261,"column":47}}]},"26":{"line":277,"type":"if","locations":[{"start":{"line":277,"column":4},"end":{"line":277,"column":4}},{"start":{"line":277,"column":4},"end":{"line":277,"column":4}}]},"27":{"line":277,"type":"binary-expr","locations":[{"start":{"line":277,"column":8},"end":{"line":277,"column":36}},{"start":{"line":277,"column":40},"end":{"line":277,"column":52}}]},"28":{"line":281,"type":"if","locations":[{"start":{"line":281,"column":4},"end":{"line":281,"column":4}},{"start":{"line":281,"column":4},"end":{"line":281,"column":4}}]},"29":{"line":297,"type":"binary-expr","locations":[{"start":{"line":297,"column":16},"end":{"line":297,"column":33}},{"start":{"line":297,"column":37},"end":{"line":297,"column":54}}]},"30":{"line":299,"type":"switch","locations":[{"start":{"line":300,"column":8},"end":{"line":301,"column":67}},{"start":{"line":302,"column":8},"end":{"line":303,"column":69}},{"start":{"line":304,"column":8},"end":{"line":305,"column":57}},{"start":{"line":306,"column":8},"end":{"line":307,"column":59}}]},"31":{"line":319,"type":"if","locations":[{"start":{"line":319,"column":8},"end":{"line":319,"column":8}},{"start":{"line":319,"column":8},"end":{"line":319,"column":8}}]},"32":{"line":319,"type":"binary-expr","locations":[{"start":{"line":319,"column":12},"end":{"line":319,"column":39}},{"start":{"line":319,"column":44},"end":{"line":319,"column":57}},{"start":{"line":319,"column":61},"end":{"line":319,"column":79}}]},"33":{"line":322,"type":"cond-expr","locations":[{"start":{"line":322,"column":34},"end":{"line":322,"column":41}},{"start":{"line":322,"column":44},"end":{"line":322,"column":56}}]},"34":{"line":324,"type":"if","locations":[{"start":{"line":324,"column":10},"end":{"line":324,"column":10}},{"start":{"line":324,"column":10},"end":{"line":324,"column":10}}]},"35":{"line":327,"type":"if","locations":[{"start":{"line":327,"column":10},"end":{"line":327,"column":10}},{"start":{"line":327,"column":10},"end":{"line":327,"column":10}}]},"36":{"line":330,"type":"if","locations":[{"start":{"line":330,"column":10},"end":{"line":330,"column":10}},{"start":{"line":330,"column":10},"end":{"line":330,"column":10}}]},"37":{"line":345,"type":"binary-expr","locations":[{"start":{"line":345,"column":16},"end":{"line":345,"column":55}},{"start":{"line":345,"column":59},"end":{"line":345,"column":87}}]},"38":{"line":346,"type":"binary-expr","locations":[{"start":{"line":346,"column":16},"end":{"line":346,"column":51}},{"start":{"line":346,"column":55},"end":{"line":346,"column":79}}]},"39":{"line":352,"type":"if","locations":[{"start":{"line":352,"column":4},"end":{"line":352,"column":4}},{"start":{"line":352,"column":4},"end":{"line":352,"column":4}}]},"40":{"line":358,"type":"if","locations":[{"start":{"line":358,"column":4},"end":{"line":358,"column":4}},{"start":{"line":358,"column":4},"end":{"line":358,"column":4}}]},"41":{"line":358,"type":"binary-expr","locations":[{"start":{"line":358,"column":8},"end":{"line":358,"column":31}},{"start":{"line":359,"column":8},"end":{"line":359,"column":35}},{"start":{"line":360,"column":8},"end":{"line":360,"column":31}},{"start":{"line":361,"column":8},"end":{"line":361,"column":67}}]},"42":{"line":375,"type":"if","locations":[{"start":{"line":375,"column":4},"end":{"line":375,"column":4}},{"start":{"line":375,"column":4},"end":{"line":375,"column":4}}]},"43":{"line":375,"type":"binary-expr","locations":[{"start":{"line":375,"column":8},"end":{"line":375,"column":35}},{"start":{"line":376,"column":8},"end":{"line":376,"column":58}}]},"44":{"line":386,"type":"if","locations":[{"start":{"line":386,"column":4},"end":{"line":386,"column":4}},{"start":{"line":386,"column":4},"end":{"line":386,"column":4}}]},"45":{"line":402,"type":"if","locations":[{"start":{"line":402,"column":4},"end":{"line":402,"column":4}},{"start":{"line":402,"column":4},"end":{"line":402,"column":4}}]},"46":{"line":408,"type":"binary-expr","locations":[{"start":{"line":408,"column":22},"end":{"line":408,"column":50}},{"start":{"line":408,"column":55},"end":{"line":408,"column":82}}]},"47":{"line":410,"type":"if","locations":[{"start":{"line":410,"column":4},"end":{"line":410,"column":4}},{"start":{"line":410,"column":4},"end":{"line":410,"column":4}}]},"48":{"line":420,"type":"binary-expr","locations":[{"start":{"line":420,"column":16},"end":{"line":420,"column":23}},{"start":{"line":420,"column":27},"end":{"line":420,"column":45}}]},"49":{"line":422,"type":"if","locations":[{"start":{"line":422,"column":4},"end":{"line":422,"column":4}},{"start":{"line":422,"column":4},"end":{"line":422,"column":4}}]},"50":{"line":430,"type":"if","locations":[{"start":{"line":430,"column":4},"end":{"line":430,"column":4}},{"start":{"line":430,"column":4},"end":{"line":430,"column":4}}]},"51":{"line":446,"type":"if","locations":[{"start":{"line":446,"column":4},"end":{"line":446,"column":4}},{"start":{"line":446,"column":4},"end":{"line":446,"column":4}}]},"52":{"line":446,"type":"binary-expr","locations":[{"start":{"line":446,"column":8},"end":{"line":446,"column":25}},{"start":{"line":446,"column":29},"end":{"line":446,"column":51}},{"start":{"line":446,"column":55},"end":{"line":446,"column":93}}]},"53":{"line":452,"type":"if","locations":[{"start":{"line":452,"column":4},"end":{"line":452,"column":4}},{"start":{"line":452,"column":4},"end":{"line":452,"column":4}}]},"54":{"line":452,"type":"binary-expr","locations":[{"start":{"line":452,"column":8},"end":{"line":452,"column":30}},{"start":{"line":452,"column":34},"end":{"line":452,"column":56}},{"start":{"line":452,"column":60},"end":{"line":452,"column":108}}]}},"code":["/**"," * Module dependencies"," */","","var _ = require('lodash');","var Call = require('call');","var Hoek = require('hoek');","// var pluralize = require('pluralize');","var BedWetters = {","    create  : require('./actions/create'),","    find    : require('./actions/find'),","    findone : require('./actions/findOne'),","    update  : require('./actions/update'),","    destroy : require('./actions/destroy'),","    populate: require('./actions/populate'),","    add     : require('./actions/add'),","    remove  : require('./actions/remove'),","}","","","var internals = {};","","internals.defaults = {","    ","    populate: false,","    prefix: '',","    createdLocation: false,","    //pluralize: false, TODO: support on opts.associationAttr and opts.model","    ","    actAsUser: false,","    userUrlPrefix: 'user', // this is in the url in lieu of /users/{id}","    userModel: 'users', // since it's not in the url","    userIdProperty: 'id', // on auth credentials","    ","    setOwner: false,","    requireOwner: false,","    ownerAttr: 'owner',","    ownerAttrs: {},","    childOwnerAttr: 'owner',","    childOwnerAttrs: {},","","    // Setting a deleted flag rather than destroying","    deletedFlag: false, // destroy by default","    deletedAttr: 'deleted',","    deletedValue: 1,","    ","    // Change pk field","    pkAttr: false,","    childPkAttr: false,","    ","    // Omit, later also pick, etc.","    omit: [],","    ","    // A place for hooks","    hooks: {","        options: _.identity","    },","    ","    // A place for private info to get passed around","    _private: {","        actAsUserModifiedPath: false,","        count: false","    }","    ","}","","/**"," * BedWet"," *"," * (see http://nodejs.org/api/documentation.html#documentation_stability_index)"," */","","exports.register = function(server, options, next) {","","    server.dependency('dogwater');","    ","    server.handler('bedwetter', function(route, handlerOptions) {","        ","        // handlerOptions come user-defined in route definition","        // nothing should override these!","        ","        var Dogwater = server.plugins.dogwater;","    ","        var thisRouteOpts = _.cloneDeep(internals.defaults);","        ","        // Plugin-level user-defined options","        _.merge(thisRouteOpts, options)","        ","        // Route-level user-defined options","        _.merge(thisRouteOpts, handlerOptions);","        ","        // Route-level info (should not override plugin options & handler options)","        internals.setOptionsFromRouteInfo(route, thisRouteOpts);","        ","        // Set associations now that the model is locked-down","        // TODO: figure out why these don't stick when model grabbed from parseModel","        var Model = Dogwater[thisRouteOpts.model];","        ","        Hoek.assert(Model, 'Model `' + thisRouteOpts.model + '` must exist to build route.');","        ","        // Don't overwrite associations if they've been set as an option for some reason","        _.defaults(thisRouteOpts, {associations: internals.getAssociationsFromModel(Model)});","        ","        thisRouteOpts = internals.normalizeOptions(thisRouteOpts);","        ","        // Here's our little bed wetter!","        var bedWetter = internals.determineBedWetter(route, thisRouteOpts);","","        return bedWetter(route, thisRouteOpts);","        ","    });","    ","    next();","};","","exports.register.attributes = {","    pkg: require('../package.json')","};","","","internals.Router = new Call.Router({});","","internals.determineBedWetter = function(route, thisRouteOpts) {","    ","    var method  = route.method;","    var path    = route.path;","    ","    path = internals.normalizePath(path, thisRouteOpts);","    ","    var pathInfo = internals.Router.analyze(path);","    var pathSegments = pathInfo.segments.length;","    var err;","    ","    // Account for `update` allowing POST or PATCH","    if (_.isArray(method) &&","        method.length == 2 &&","        _.intersection(method, ['post', 'patch']).length == 2) {","        ","        method = 'patch';","    }","    ","    var countIsOkay = false;","    var bedwetter;","    switch (method) {","        ","        case 'post':","            ","  
[...]
e":522,"column":2}}]},"68":{"line":542,"type":"if","locations":[{"start":{"line":542,"column":12},"end":{"line":542,"column":12}},{"start":{"line":542,"column":12},"end":{"line":542,"column":12}}]},"69":{"line":544,"type":"if","locations":[{"start":{"line":544,"column":16},"end":{"line":544,"column":16}},{"start":{"line":544,"column":16},"end":{"line":544,"column":16}}]}},"code":["/**"," * Module dependencies"," */","var _ = require('lodash');","var mergeDefaults = require('merge-defaults');","var Boom = require('boom');","var Hoek = require('hoek');","var util = require('util');","","","/**"," * Utility methods used in built-in blueprint actions."," *"," * @type {Object}"," */","module.exports = function(request, options) {","    ","    return {","    ","    /** ","     * Given a Waterline query, populate the appropriate/specified","     * association attributes and return it so it can be chained","     * further ( i.e. so you can .exec() it )","     *","     * @param  {Query} query         [waterline query object]","     * @param  {Request} request","     * @param  {Object} options","     * @return {Query}","     */","    populateEach: function (query) {","      var DEFAULT_POPULATE_LIMIT = 30;","      var _options = options;","      var aliasFilter = request.query.populate;","      var shouldPopulate = _options.populate;","","      // Convert the string representation of the filter list to an Array. We","      // need this to provide flexibility in the request param. This way both","      // list string representations are supported:","      //   /model?populate=alias1,alias2,alias3","      //   /model?populate=[alias1,alias2,alias3]","      if (typeof aliasFilter === 'string') {","        aliasFilter = aliasFilter.replace(/\\[|\\]/g, '');","        aliasFilter = (aliasFilter) ? aliasFilter.split(',') : [];","      }","      ","      return _(_options.associations).reduce(function populateEachAssociation (query, association) {","  ","        // If an alias filter was provided, override the blueprint config.","        if (aliasFilter) {","          shouldPopulate = _.contains(aliasFilter, association.alias);","        }","        ","        // TODO: use max limit!","        // Only populate associations if a population filter has been supplied","        // with the request or if `populate` is set within the blueprint config.","        // Population filters will override any value stored in the config.","        //","        // Additionally, allow an object to be specified, where the key is the","        // name of the association attribute, and value is true/false","        // (true to populate, false to not)","        if (shouldPopulate) {","          ","          var populationLimit =","            _options['populate_'+association.alias+'_limit'] ||","            _options.populateLimit ||","            _options.limit ||","            DEFAULT_POPULATE_LIMIT;","","          var opts = {limit: populationLimit};","          // If the deleted flag is set, make sure those results aren't being included","          if(_options.deletedFlag) {","            var values = {};","            values[_options.deletedAttr] = { '!': _options.deletedValue };","            _.merge(opts, {where: values});","          }","            ","          return query.populate(association.alias, opts);","        ","        } else {","          ","          return query;","          ","        }","        ","      }, query);","    },","  ","  ","    /**","     * Parse primary key value for use in a Waterline criteria","     * (e.g. for `find`, `update`, or `destroy`)","     *","     * @param  {Request} request","     * @param  {Object} options","     * @param  {Boolean} child","     * @return {Integer|String}","     */","    parsePk: function (child) {","      ","      var primaryKeyParam;","      ","      child = child || false;","      ","      if (child) {","        primaryKeyParam = options.associatedPkName;","      }  else {","        primaryKeyParam = options.pkName;","      }","      ","      //TODO: support these options..id for parent and child","      var pk;","      ","      // If actAsUser modified the path, grab the user's pk from auth credentials.","      if (!child &&","          options._private.actAsUserModifiedPath) {","        ","        pk = this.getUserId();","        ","      } else { // Otherwise, grab it as per usual.","        ","        pk = options.id || (options.where && options.where.id) || request.params[primaryKeyParam];","      }","      ","      // TODO: make this smarter...","      // (e.g. look for actual primary key of model and look for it","      //  in the absence of `id`.)","      // See coercePK for reference (although be aware it is not currently in use)","  ","      // exclude criteria on id field","      pk = _.isPlainObject(pk) ? undefined : pk;","      ","      // If the primary key field for the record is specified, use it as criteria.","      var tmpPk;","      var pkAttr = child ? options.childPkAttr : options.pkAttr;","      ","      if (typeof pk !== \"undefined\" && pkAttr) {","        ","        tmpPk = {};","        tmpPk[pkAttr] = pk;","        pk = tmpPk;","      }","      ","      return pk;","    },","  ","  ","    /** ","     * Parse primary key value from parameters.","     * Throw an error if it cannot be retrieved.","     *","     * @param  {Request} request","     * @param  {Object} options","     * @param  {Boolean} child","     * @return {Integer|String}","     */","    requirePk: function (child) {","      ","      child = child || false;","      ","      var pk = this.parsePk(child);","  ","      // Validate the required `id` parameter","      if ( !pk ) {","        ","        var err;","        ","        // If path was modified for acting user, pk came from credentials.","        if (!child &&","            options._private.actAsUserModifiedPath) {","          ","          err = Boom.unauthorized();","          ","        } else {","          ","          // TODO: error message here.","          err = Boom.notFound();","        }","        ","        throw err;","      }","  ","      return pk;","    },","  ","  ","    /** ","     * Parse `criteria` for a Waterline `find` or `populate` from query parameters.","     *","     * @param  {Request} request","     * @param  {Object} options","     * @return {Object}            the WHERE criteria object","     */","    parseCriteria: function (child) {","  ","      // Allow customizable blacklist for params NOT to include as criteria.","      options.criteria = options.criteria || {};","      options.criteria.blacklist = options.criteria.blacklist || ['limit', 'skip', 'sort', 'populate', 'omit'];","  ","      // Validate blacklist to provide a more helpful error msg.","      var blacklist = options.criteria && options.criteria.blacklist;","      ","      Hoek.assert(_.isArray(blacklist), 'Invalid `options.criteria.blacklist`. Should be an array of strings (parameter names.)');","  ","      // Look for explicitly specified `where` parameter.","      var where = request.query.where;","  ","      // If `where` parameter is a string, try to interpret it as JSON","      if (_.isString(where)) {","        where = tryToParseJSON(where);","      }","  ","      // If `where` has not been specified, but other unbound parameter variables","      // **ARE** specified, build the `where` option using them.","      if (!where) {","  ","        // Prune params which aren't fit to be used as `where` criteria","        // to build a proper where query","        where = request.query;","  ","        // Omit built-in runtime config (like query modifiers)","        where = _.omit(where, blacklist || ['limit', 'skip', 'sort', 'omit']);","  ","        // Omit any params w/ undefined values","        where = _.omit(where, function (p){ return _.isUndefined(p); });","  ","        // Omit jsonp callback param (but only if jsonp is enabled)","        if (request.route.jsonp) {","          delete where[request.route.jsonp]","        }","      }","  ","      // Merge w/ options.where and return","      where = _.merge({}, options.where || {}, where) || undefined;","","      where = _.merge(where, this.checkDeletedFlag());","      ","      // Deal with ownership","      if (options.actAsUser && options.requireOwner) {","        ","        // Grab appropriate transformation object","        var ownerAttrTransformation = child ? options.childOwnerAttrs : options.ownerAttrs;","        Hoek.assert(_.isObject(ownerAttrTransformation), 'Owner attribute options (`options.childOwnerAttr`/`options.ownerAttr`/`options.childOwnerAttrs`/`options.ownerAttrs`) should be set for use with `options.requireOwner`.');","        ","        // Get new values with transformation","        var requireWhere = Hoek.transform(request.auth.credentials, ownerAttrTransformation);","        ","        _.merge(where, requireWhere);","        ","      }","      ","      return where;","    },","  ","  ","    /** TODO","     * Parse `values` for a Waterline `create` or `update` from all","     * request parameters.","     *","     * @param  {Request} req","     * @return {Object}","     */","    parseValues: function (child) {","  ","      // Allow customizable blacklist for params NOT to include as values.","      options.values = options.values || {};","  ","      // Validate blacklist to provide a more helpful error msg.","      var blacklist = options.values.blacklist || [];","      Hoek.assert(_.isArray(blacklist), 'Invalid `options.values.blacklist`. Should be an array of strings (parameter names.)');","  ","      // Merge payload into req.options.values, omitting the blacklist.","      var values = mergeDefaults(_.cloneDeep(request.payload), _.omit(options.values, 'blacklist'));","  ","      // Omit values that are in the blacklist (like query modifiers)","      values = _.omit(values, blacklist);","  ","      // Omit any values w/ undefined values","      values = _.omit(values, function (p){ return _.isUndefined(p); });","      ","      // Set owner value if we ought","      if (options.actAsUser &&","          options.setOwner) {","        ","        // Grab appropriate transformation object","        var ownerAttrTransformation = child ? options.childOwnerAttrs : options.ownerAttrs;","        Hoek.assert(_.isObject(ownerAttrTransformation), 'Owner attribute options (`options.childOwnerAttr`/`options.ownerAttr`/`options.childOwnerAttrs`/`options.ownerAttrs`) should be set for use with `options.setOwner`.');","        ","        // Get new values with transformation","        var newValues = Hoek.transform(request.auth.credentials, ownerAttrTransformation);","        ","        // Set new values","        _.merge(values, newValues);","        ","      }","      ","      return values;","    },","  ","  ","    /**","     * Determine the model class to use w/ this blueprint action.","     * @param  {Request} request","     * @param  {Object} options","     * @return {WLCollection}","     */","    parseModel: function () {","  ","      // Ensure a model can be deduced from the request options.","      ","      var model = options.model;","      if (!model) throw new Error(util.format('No `model` specified in route options.'));","  ","      var Model = request.model[model];","      if (!Model) throw new Error(util.format('Invalid route option, `model`.\\nI don\\'t know about any models named: `%s`',model));","  ","      return Model;","    },","  ","  ","    /** ","     * @param  {Request} request","     * @param  {Object} options","     */","    parseSort: function () {","      return request.query.sort || options.sort || undefined;","    },","  ","  ","    /**","     * @param  {Request} request","     * @param  {Object} options","     */","    parseLimit: function () {","      ","      var DEFAULT_LIMIT = 30;","      var DEFAULT_MAX_LIMIT = 30;","      ","      var requestedLimit = request.query.limit ?","                            Math.abs(request.query.limit) || false :","                            false;","      ","      var maxLimit       = (typeof options.maxLimit !== 'undefined') ?","                            options.maxLimit :","                            DEFAULT_MAX_LIMIT;","      ","      var limit;","      ","      if (requestedLimit) {","        ","        if (requestedLimit <= maxLimit) {","          limit = requestedLimit;","        } else {","          limit = DEFAULT_LIMIT;","        }","        ","      } else if (typeof options.limit !== 'undefined') {","        ","        limit = options.limit;","      } else {","        ","        limit = DEFAULT_LIMIT;","      }","      ","      // This is from sails.  What does it do?","      // I suppose it would cast skip to something falsy if it were not a number.","      if (limit) { limit = +limit; }","      ","      return limit;","    },","  ","  ","    /** ","     * @param  {Request} request","     * @param  {Object} options","     */","    parseSkip: function () {","      var DEFAULT_SKIP = 0;","      var skip = request.query.skip || (typeof options.skip !== 'undefined' ? options.skip : DEFAULT_SKIP);","      ","      // This is from sails.  What does it do?","      // I suppose it would cast skip to something falsy if it were not a number.","      if (skip) { skip = +skip; }","      ","      return skip;","    },","","","    /**","     * Determine whether or not the deletedFlag should be included in where clause.","     * @return {Object}","     */","    checkDeletedFlag: function() {","      // If the deleted flag is set, make sure those results aren't being included","      if(options.deletedFlag) {","        var values = {};","        values[options.deletedAttr] = { '!': options.deletedValue };","        return values||{};","      } else {","        return {};","      }","    },","  ","  ","    getUserId: function() {","      ","      Hoek.assert(options.actAsUser, 'Not currently acting as user, per `options.actAsUser`.');","      Hoek.assert(_.isString(options.userIdProperty), '`options.userIdProperty` must be a string.');","      ","      // No creds, no user id.","      if (!_.isObject(request.auth.credentials)) {","        return false;","      }","      ","      var userId = Hoek.reach(request.auth.credentials, options.userIdProperty);","      ","      return userId;","    },","  ","  ","    validOwnership: function(record, child) {","      ","      if (!options.actAsUser || !options.requireOwner) {","        return true;","      }","      ","      // Grab appropriate transformation object","      var ownerAttrTransformation = child ? options.childOwnerAttrs : options.ownerAttrs;","      Hoek.assert(_.isObject(ownerAttrTransformation), 'Owner attribute options (`options.childOwnerAttr`/`options.ownerAttr`/`options.childOwnerAttrs`/`options.ownerAttrs`) should be set for use with `options.requireOwner`.');","      ","      // There're no owner attrs set for this record","      if (_.isEmpty(ownerAttrTransformation)) {","        return true;","      }","      ","      // Get new values with transformation","      var requiredValues = Hoek.transform(request.auth.credentials, ownerAttrTransformation);","      ","      // Check for a non-match","      var requiredValue, recordOwnerValue;","      for (var attributeName in requiredValues) {","        requiredValue = requiredValues[attributeName];","        ","        recordOwnerValue = record[attributeName];","        Hoek.assert(!_.isUndefined(recordOwnerValue), 'Record does not have provided owner attribute `' + attributeName + '`.')","        ","        if (recordOwnerValue != requiredValue) {","          return false;","        }","        ","      }","      ","      // Passed all the tests.","      return true;","      ","    },","","","    getCreatedLocation: function(id) {","      ","      if (options.createdLocation && id) {","        return util.format(options.createdLocation, id);","      } else {","        return null;","      }","      ","    },","    ","    // Apply options.omit and request.query.omit","    omitFields: function(records) {","        ","        // Grab omissions from options","        var optionsOmissions = options.omit || [];","        ","        if (!_.isArray(optionsOmissions)) {","            ","            optionsOmissions = [optionsOmissions];","        }","        ","        // Grab omissions from query","        var queryOmissions = request.query.omit || [];","        ","        if (!_.isArray(queryOmissions)) {","            ","            queryOmissions = [queryOmissions];","        }","        ","        // All omissions","        var omissions = optionsOmissions.concat(queryOmissions)","        ","        // If there are no omissions, peace","        if (!omissions.length) {","            ","            return records;","        }","        ","        // Make records array","        var wasntArray = false;","        if (!_.isArray(records)) {","            ","            records = [records];","            wasntArray = true;","        }","        ","        // Do the deed, omit keys on each record","        records.forEach(function(record) {","            ","            omitDeep(record, omissions);","        });","        ","        return wasntArray ? records[0] : records;","    }","","  };","  ","}","","// Attempt to parse JSON","// If the parse fails, return the error object","// If JSON is falsey, return null","// (this is so that it will be ignored if not specified)","function tryToParseJSON(json) {","  if (!_.isString(json)) return null;","  try {","    return JSON.parse(json);","  }","  catch (e) { return e; }","}","","// keys, an array of Hoek style deep keys, to omit from obj","function omitDeep(obj, keys) {","    ","    Hoek.assert(_.isArray(keys), 'Internal omitDeep function requires keys parameter to be an array.');","    ","    var path, ref;","    keys.forEach(function(key) {","        ","        path = key.split('.');","        ref = obj;","        ","        for (var i = 0, il = path.length; i < il; ++i) {","            var segment = path[i];","            if (i + 1 === il) {","                ","                if (_.isArray(ref)) {","                    ","                    for (var j = 0, jl = ref.length; j < jl; ++j) {","                        ","                        delete ref[j][segment];","                    }","                    ","                } else {","                    ","                    delete ref[segment];","                }","                ","            }","            ","            ref = ref[segment];","        }","    });","    ","}",""],"l":{"4":1,"5":1,"6":1,"7":1,"8":1,"16":1,"18":0,"31":0,"32":0,"33":0,"34":0,"41":0,"42":0,"43":0,"46":0,"49":0,"50":0,"61":0,"63":0,"69":0,"71":0,"72":0,"73":0,"74":0,"77":0,"81":0,"100":0,"102":0,"104":0,"105":0,"107":0,"111":0,"114":0,"117":0,"121":0,"130":0,"133":0,"134":0,"136":0,"138":0,"139":0,"140":0,"143":0,"158":0,"160":0,"163":0,"165":0,"168":0,"171":0,"176":0,"179":0,"182":0,"196":0,"197":0,"200":0,"202":0,"205":0,"208":0,"209":0,"214":0,"218":0,"221":0,"224":0,"227":0,"228":0,"233":0,"235":0,"238":0,"241":0,"242":0,"245":0,"247":0,"251":0,"265":0,"268":0,"269":0,"272":0,"275":0,"278":0,"281":0,"285":0,"286":0,"289":0,"292":0,"296":0,"310":0,"311":0,"313":0,"314":0,"316":0,"325":0,"335":0,"336":0,"338":0,"342":0,"346":0,"348":0,"350":0,"351":0,"353":0,"356":0,"358":0,"361":0,"366":0,"368":0,"377":0,"378":0,"382":0,"384":0,"394":0,"395":0,"396":0,"397":0,"399":0,"406":0,"407":0,"410":0,"411":0,"414":0,"416":0,"422":0,"423":0,"427":0,"428":0,"431":0,"432":0,"436":0,"439":0,"440":0,"441":0,"443":0,"444":0,"446":0,"447":0,"453":0,"460":0,"461":0,"463":0,"472":0,"474":0,"476":0,"480":0,"482":0,"484":0,"488":0,"491":0,"493":0,"497":0,"498":0,"500":0,"501":0,"505":0,"507":0,"510":0,"521":1,"522":0,"523":0,"524":0,"526":0,"530":1,"532":0,"534":0,"535":0,"537":0,"538":0,"540":0,"541":0,"542":0,"544":0,"546":0,"548":0,"553":0,"558":0}}}